1569265674134	mozrunner::runner	INFO	Running command: "/usr/bin/firefox" "-marionette" "-foreground" "-no-remote" "-profile" "/tmp/rust_mozprofile1JWV6p"
1569265675091	addons.webextension.screenshots@mozilla.org	WARN	Loading extension 'screenshots@mozilla.org': Reading manifest: Invalid extension permission: mozillaAddons
1569265675091	addons.webextension.screenshots@mozilla.org	WARN	Loading extension 'screenshots@mozilla.org': Reading manifest: Invalid extension permission: telemetry
1569265675091	addons.webextension.screenshots@mozilla.org	WARN	Loading extension 'screenshots@mozilla.org': Reading manifest: Invalid extension permission: resource://pdf.js/
1569265675091	addons.webextension.screenshots@mozilla.org	WARN	Loading extension 'screenshots@mozilla.org': Reading manifest: Invalid extension permission: about:reader*
1569265677096	Marionette	INFO	Listening on port 45523
1569265677143	Marionette	WARN	TLS certificate errors will be ignored for this session
[Parent 21426, Gecko_IOThread] WARNING: pipe error (83): Conexão fechada pela outra ponta: file /build/firefox-gS7uvX/firefox-69.0+build2/ipc/chromium/src/chrome/common/ipc_channel_posix.cc, line 358
1569265686181	Marionette	INFO	Stopped listening on port 45523
1569265944451	mozrunner::runner	INFO	Running command: "/usr/bin/firefox" "-marionette" "-foreground" "-no-remote" "-profile" "/tmp/rust_mozprofileUja1xg"
1569265944799	addons.webextension.screenshots@mozilla.org	WARN	Loading extension 'screenshots@mozilla.org': Reading manifest: Invalid extension permission: mozillaAddons
1569265944799	addons.webextension.screenshots@mozilla.org	WARN	Loading extension 'screenshots@mozilla.org': Reading manifest: Invalid extension permission: telemetry
1569265944799	addons.webextension.screenshots@mozilla.org	WARN	Loading extension 'screenshots@mozilla.org': Reading manifest: Invalid extension permission: resource://pdf.js/
1569265944799	addons.webextension.screenshots@mozilla.org	WARN	Loading extension 'screenshots@mozilla.org': Reading manifest: Invalid extension permission: about:reader*
1569265946419	Marionette	INFO	Listening on port 35873
1569265946458	Marionette	WARN	TLS certificate errors will be ignored for this session
[Parent 21992, Gecko_IOThread] WARNING: pipe error (83): Conexão fechada pela outra ponta: file /build/firefox-gS7uvX/firefox-69.0+build2/ipc/chromium/src/chrome/common/ipc_channel_posix.cc, line 358
1569265954113	Marionette	INFO	Stopped listening on port 35873
1569265956362	mozrunner::runner	INFO	Running command: "/usr/bin/firefox" "-marionette" "-foreground" "-no-remote" "-profile" "/tmp/rust_mozprofile5oyuWm"
1569265956696	addons.webextension.screenshots@mozilla.org	WARN	Loading extension 'screenshots@mozilla.org': Reading manifest: Invalid extension permission: mozillaAddons
1569265956696	addons.webextension.screenshots@mozilla.org	WARN	Loading extension 'screenshots@mozilla.org': Reading manifest: Invalid extension permission: telemetry
1569265956696	addons.webextension.screenshots@mozilla.org	WARN	Loading extension 'screenshots@mozilla.org': Reading manifest: Invalid extension permission: resource://pdf.js/
1569265956696	addons.webextension.screenshots@mozilla.org	WARN	Loading extension 'screenshots@mozilla.org': Reading manifest: Invalid extension permission: about:reader*
1569265958124	Marionette	INFO	Listening on port 43709
1569265958166	Marionette	WARN	TLS certificate errors will be ignored for this session
[Parent 22264, Gecko_IOThread] WARNING: pipe error (83): Conexão fechada pela outra ponta: file /build/firefox-gS7uvX/firefox-69.0+build2/ipc/chromium/src/chrome/common/ipc_channel_posix.cc, line 358
1569265966939	Marionette	INFO	Stopped listening on port 43709
1569266314359	mozrunner::runner	INFO	Running command: "/usr/bin/firefox" "-marionette" "-foreground" "-no-remote" "-profile" "/tmp/rust_mozprofileA2Ad4j"
1569266314656	addons.webextension.screenshots@mozilla.org	WARN	Loading extension 'screenshots@mozilla.org': Reading manifest: Invalid extension permission: mozillaAddons
1569266314656	addons.webextension.screenshots@mozilla.org	WARN	Loading extension 'screenshots@mozilla.org': Reading manifest: Invalid extension permission: telemetry
1569266314657	addons.webextension.screenshots@mozilla.org	WARN	Loading extension 'screenshots@mozilla.org': Reading manifest: Invalid extension permission: resource://pdf.js/
1569266314657	addons.webextension.screenshots@mozilla.org	WARN	Loading extension 'screenshots@mozilla.org': Reading manifest: Invalid extension permission: about:reader*
1569266316275	Marionette	INFO	Listening on port 38955
1569266316376	Marionette	WARN	TLS certificate errors will be ignored for this session
[Parent 22746, Gecko_IOThread] WARNING: pipe error (83): Conexão fechada pela outra ponta: file /build/firefox-gS7uvX/firefox-69.0+build2/ipc/chromium/src/chrome/common/ipc_channel_posix.cc, line 358
1569266336738	Marionette	INFO	Stopped listening on port 38955
1569266369481	mozrunner::runner	INFO	Running command: "/usr/bin/firefox" "-marionette" "-foreground" "-no-remote" "-profile" "/tmp/rust_mozprofile7M9tjw"
1569266369816	addons.webextension.screenshots@mozilla.org	WARN	Loading extension 'screenshots@mozilla.org': Reading manifest: Invalid extension permission: mozillaAddons
1569266369816	addons.webextension.screenshots@mozilla.org	WARN	Loading extension 'screenshots@mozilla.org': Reading manifest: Invalid extension permission: telemetry
1569266369816	addons.webextension.screenshots@mozilla.org	WARN	Loading extension 'screenshots@mozilla.org': Reading manifest: Invalid extension permission: resource://pdf.js/
1569266369816	addons.webextension.screenshots@mozilla.org	WARN	Loading extension 'screenshots@mozilla.org': Reading manifest: Invalid extension permission: about:reader*
1569266371405	Marionette	INFO	Listening on port 44879
1569266371489	Marionette	WARN	TLS certificate errors will be ignored for this session
Exiting due to channel error.
Exiting due to channel error.
Exiting due to channel error.
1569266697356	mozrunner::runner	INFO	Running command: "/usr/bin/firefox" "-marionette" "-foreground" "-no-remote" "-profile" "/tmp/rust_mozprofile8VzfrZ"
1569266697647	addons.webextension.screenshots@mozilla.org	WARN	Loading extension 'screenshots@mozilla.org': Reading manifest: Invalid extension permission: mozillaAddons
1569266697647	addons.webextension.screenshots@mozilla.org	WARN	Loading extension 'screenshots@mozilla.org': Reading manifest: Invalid extension permission: telemetry
1569266697647	addons.webextension.screenshots@mozilla.org	WARN	Loading extension 'screenshots@mozilla.org': Reading manifest: Invalid extension permission: resource://pdf.js/
1569266697647	addons.webextension.screenshots@mozilla.org	WARN	Loading extension 'screenshots@mozilla.org': Reading manifest: Invalid extension permission: about:reader*
1569266699289	Marionette	INFO	Listening on port 44399
1569266699370	Marionette	WARN	TLS certificate errors will be ignored for this session
[Parent 23440, Gecko_IOThread] WARNING: pipe error (83): Conexão fechada pela outra ponta: file /build/firefox-gS7uvX/firefox-69.0+build2/ipc/chromium/src/chrome/common/ipc_channel_posix.cc, line 358
1569266705432	Marionette	INFO	Stopped listening on port 44399
1569267614356	mozrunner::runner	INFO	Running command: "/usr/bin/firefox" "-marionette" "-foreground" "-no-remote" "-profile" "/tmp/rust_mozprofileKmYxhy"
1569267614678	addons.webextension.screenshots@mozilla.org	WARN	Loading extension 'screenshots@mozilla.org': Reading manifest: Invalid extension permission: mozillaAddons
1569267614679	addons.webextension.screenshots@mozilla.org	WARN	Loading extension 'screenshots@mozilla.org': Reading manifest: Invalid extension permission: telemetry
1569267614679	addons.webextension.screenshots@mozilla.org	WARN	Loading extension 'screenshots@mozilla.org': Reading manifest: Invalid extension permission: resource://pdf.js/
1569267614679	addons.webextension.screenshots@mozilla.org	WARN	Loading extension 'screenshots@mozilla.org': Reading manifest: Invalid extension permission: about:reader*
1569267616137	Marionette	INFO	Listening on port 37141
1569267616164	Marionette	WARN	TLS certificate errors will be ignored for this session
[Parent 24414, Gecko_IOThread] WARNING: pipe error (83): Conexão fechada pela outra ponta: file /build/firefox-gS7uvX/firefox-69.0+build2/ipc/chromium/src/chrome/common/ipc_channel_posix.cc, line 358
1569267640166	Marionette	INFO	Stopped listening on port 37141
1569267961303	mozrunner::runner	INFO	Running command: "/usr/bin/firefox" "-marionette" "-foreground" "-no-remote" "-profile" "/tmp/rust_mozprofilePqP23m"
1569267961589	addons.webextension.screenshots@mozilla.org	WARN	Loading extension 'screenshots@mozilla.org': Reading manifest: Invalid extension permission: mozillaAddons
1569267961589	addons.webextension.screenshots@mozilla.org	WARN	Loading extension 'screenshots@mozilla.org': Reading manifest: Invalid extension permission: telemetry
1569267961590	addons.webextension.screenshots@mozilla.org	WARN	Loading extension 'screenshots@mozilla.org': Reading manifest: Invalid extension permission: resource://pdf.js/
1569267961590	addons.webextension.screenshots@mozilla.org	WARN	Loading extension 'screenshots@mozilla.org': Reading manifest: Invalid extension permission: about:reader*
1569267962938	Marionette	INFO	Listening on port 34455
1569267963010	Marionette	WARN	TLS certificate errors will be ignored for this session
[Parent 24811, Gecko_IOThread] WARNING: pipe error (83): Conexão fechada pela outra ponta: file /build/firefox-gS7uvX/firefox-69.0+build2/ipc/chromium/src/chrome/common/ipc_channel_posix.cc, line 358
1569267987102	Marionette	INFO	Stopped listening on port 34455
1569268075898	mozrunner::runner	INFO	Running command: "/usr/bin/firefox" "-marionette" "-foreground" "-no-remote" "-profile" "/tmp/rust_mozprofilew4bO7c"
1569268076208	addons.webextension.screenshots@mozilla.org	WARN	Loading extension 'screenshots@mozilla.org': Reading manifest: Invalid extension permission: mozillaAddons
1569268076209	addons.webextension.screenshots@mozilla.org	WARN	Loading extension 'screenshots@mozilla.org': Reading manifest: Invalid extension permission: telemetry
1569268076209	addons.webextension.screenshots@mozilla.org	WARN	Loading extension 'screenshots@mozilla.org': Reading manifest: Invalid extension permission: resource://pdf.js/
1569268076209	addons.webextension.screenshots@mozilla.org	WARN	Loading extension 'screenshots@mozilla.org': Reading manifest: Invalid extension permission: about:reader*
1569268077725	Marionette	INFO	Listening on port 34337
1569268077803	Marionette	WARN	TLS certificate errors will be ignored for this session
[Parent 25115, Gecko_IOThread] WARNING: pipe error (83): Conexão fechada pela outra ponta: file /build/firefox-gS7uvX/firefox-69.0+build2/ipc/chromium/src/chrome/common/ipc_channel_posix.cc, line 358
1569268101450	Marionette	INFO	Stopped listening on port 34337
1569268166147	mozrunner::runner	INFO	Running command: "/usr/bin/firefox" "-marionette" "-foreground" "-no-remote" "-profile" "/tmp/rust_mozprofileG3jhVz"
1569268166436	addons.webextension.screenshots@mozilla.org	WARN	Loading extension 'screenshots@mozilla.org': Reading manifest: Invalid extension permission: mozillaAddons
1569268166436	addons.webextension.screenshots@mozilla.org	WARN	Loading extension 'screenshots@mozilla.org': Reading manifest: Invalid extension permission: telemetry
1569268166436	addons.webextension.screenshots@mozilla.org	WARN	Loading extension 'screenshots@mozilla.org': Reading manifest: Invalid extension permission: resource://pdf.js/
1569268166436	addons.webextension.screenshots@mozilla.org	WARN	Loading extension 'screenshots@mozilla.org': Reading manifest: Invalid extension permission: about:reader*
1569268167878	Marionette	INFO	Listening on port 35209
1569268167954	Marionette	WARN	TLS certificate errors will be ignored for this session
JavaScript error: https://googleads.g.doubleclick.net/pagead/ads?client=ca-pub-9891172707995683&output=html&h=90&twa=1&slotname=6193676054&adk=1460502994&adf=3297436742&w=808&fwrn=4&fwrnh=100&lmt=1569268169&guci=2.2.0.0.2.2.0.0&format=808x90&url=https%3A%2F%2Fwww.carrosnaweb.com.br%2Favancada.asp&flash=0&fwr=0&rh=90&rw=808&wgl=1&dt=1569268169315&bpp=16&bdt=719&fdt=419&idt=420&shv=r20190918&cbv=r20190131&saldr=aa&abxe=1&correlator=5712864015424&frm=20&pv=2&ga_vid=677079909.1569268169&ga_sid=1569268170&ga_hid=1184053063&ga_fc=0&icsg=141995&dssz=17&mdo=0&mso=0&u_tz=-180&u_his=1&u_java=0&u_h=1080&u_w=1920&u_ah=1053&u_aw=1920&u_cd=24&u_nplug=0&u_nmime=0&adx=221&ady=149&biw=948&bih=939&scr_x=0&scr_y=0&eid=151527007%2C248427478&oid=3&rx=0&eae=0&fc=912&brdim=960%2C27%2C960%2C27%2C1920%2C27%2C960%2C1025%2C960%2C951&vis=1&rsz=d%7Cd%7CeE%7C&abl=NS&pfx=0&fu=1040&bc=29&ifi=1&uci=a!1&xpc=W1giHZWRpy&p=https%3A//www.carrosnaweb.com.br&dtd=448, line 1: ReferenceError: init_ssb is not defined
JavaScript error: https://googleads.g.doubleclick.net/pagead/ads?client=ca-pub-9891172707995683&output=html&h=90&twa=1&slotname=6193676054&adk=1460502994&adf=3297436742&w=808&fwrn=4&fwrnh=100&lmt=1569268169&guci=2.2.0.0.2.2.0.0&format=808x90&url=https%3A%2F%2Fwww.carrosnaweb.com.br%2Favancada.asp&flash=0&fwr=0&rh=90&rw=808&wgl=1&dt=1569268169315&bpp=16&bdt=719&fdt=419&idt=420&shv=r20190918&cbv=r20190131&saldr=aa&abxe=1&correlator=5712864015424&frm=20&pv=2&ga_vid=677079909.1569268169&ga_sid=1569268170&ga_hid=1184053063&ga_fc=0&icsg=141995&dssz=17&mdo=0&mso=0&u_tz=-180&u_his=1&u_java=0&u_h=1080&u_w=1920&u_ah=1053&u_aw=1920&u_cd=24&u_nplug=0&u_nmime=0&adx=221&ady=149&biw=948&bih=939&scr_x=0&scr_y=0&eid=151527007%2C248427478&oid=3&rx=0&eae=0&fc=912&brdim=960%2C27%2C960%2C27%2C1920%2C27%2C960%2C1025%2C960%2C951&vis=1&rsz=d%7Cd%7CeE%7C&abl=NS&pfx=0&fu=1040&bc=29&ifi=1&uci=a!1&xpc=W1giHZWRpy&p=https%3A//www.carrosnaweb.com.br&dtd=448, line 1: ReferenceError: buildAdSlot is not defined
JavaScript error: https://googleads.g.doubleclick.net/pagead/ads?client=ca-pub-9891172707995683&output=html&h=90&twa=1&slotname=6193676054&adk=1460502994&adf=3297436742&w=808&fwrn=4&fwrnh=100&lmt=1569268169&guci=2.2.0.0.2.2.0.0&format=808x90&url=https%3A%2F%2Fwww.carrosnaweb.com.br%2Favancada.asp&flash=0&fwr=0&rh=90&rw=808&wgl=1&dt=1569268169315&bpp=16&bdt=719&fdt=419&idt=420&shv=r20190918&cbv=r20190131&saldr=aa&abxe=1&correlator=5712864015424&frm=20&pv=2&ga_vid=677079909.1569268169&ga_sid=1569268170&ga_hid=1184053063&ga_fc=0&icsg=141995&dssz=17&mdo=0&mso=0&u_tz=-180&u_his=1&u_java=0&u_h=1080&u_w=1920&u_ah=1053&u_aw=1920&u_cd=24&u_nplug=0&u_nmime=0&adx=221&ady=149&biw=948&bih=939&scr_x=0&scr_y=0&eid=151527007%2C248427478&oid=3&rx=0&eae=0&fc=912&brdim=960%2C27%2C960%2C27%2C1920%2C27%2C960%2C1025%2C960%2C951&vis=1&rsz=d%7Cd%7CeE%7C&abl=NS&pfx=0&fu=1040&bc=29&ifi=1&uci=a!1&xpc=W1giHZWRpy&p=https%3A//www.carrosnaweb.com.br&dtd=448, line 1: ReferenceError: init_icr is not defined
JavaScript error: https://googleads.g.doubleclick.net/pagead/ads?client=ca-pub-9891172707995683&output=html&h=90&twa=1&slotname=6193676054&adk=1460502994&adf=3297436742&w=808&fwrn=4&fwrnh=100&lmt=1569268169&guci=2.2.0.0.2.2.0.0&format=808x90&url=https%3A%2F%2Fwww.carrosnaweb.com.br%2Favancada.asp&flash=0&fwr=0&rh=90&rw=808&wgl=1&dt=1569268169315&bpp=16&bdt=719&fdt=419&idt=420&shv=r20190918&cbv=r20190131&saldr=aa&abxe=1&correlator=5712864015424&frm=20&pv=2&ga_vid=677079909.1569268169&ga_sid=1569268170&ga_hid=1184053063&ga_fc=0&icsg=141995&dssz=17&mdo=0&mso=0&u_tz=-180&u_his=1&u_java=0&u_h=1080&u_w=1920&u_ah=1053&u_aw=1920&u_cd=24&u_nplug=0&u_nmime=0&adx=221&ady=149&biw=948&bih=939&scr_x=0&scr_y=0&eid=151527007%2C248427478&oid=3&rx=0&eae=0&fc=912&brdim=960%2C27%2C960%2C27%2C1920%2C27%2C960%2C1025%2C960%2C951&vis=1&rsz=d%7Cd%7CeE%7C&abl=NS&pfx=0&fu=1040&bc=29&ifi=1&uci=a!1&xpc=W1giHZWRpy&p=https%3A//www.carrosnaweb.com.br&dtd=448, line 1: ReferenceError: buildTextAd is not defined
JavaScript error: https://googleads.g.doubleclick.net/pagead/ads?client=ca-pub-9891172707995683&output=html&h=90&twa=1&slotname=6193676054&adk=1460502994&adf=3297436742&w=808&fwrn=4&fwrnh=100&lmt=1569268169&guci=2.2.0.0.2.2.0.0&format=808x90&url=https%3A%2F%2Fwww.carrosnaweb.com.br%2Favancada.asp&flash=0&fwr=0&rh=90&rw=808&wgl=1&dt=1569268169315&bpp=16&bdt=719&fdt=419&idt=420&shv=r20190918&cbv=r20190131&saldr=aa&abxe=1&correlator=5712864015424&frm=20&pv=2&ga_vid=677079909.1569268169&ga_sid=1569268170&ga_hid=1184053063&ga_fc=0&icsg=141995&dssz=17&mdo=0&mso=0&u_tz=-180&u_his=1&u_java=0&u_h=1080&u_w=1920&u_ah=1053&u_aw=1920&u_cd=24&u_nplug=0&u_nmime=0&adx=221&ady=149&biw=948&bih=939&scr_x=0&scr_y=0&eid=151527007%2C248427478&oid=3&rx=0&eae=0&fc=912&brdim=960%2C27%2C960%2C27%2C1920%2C27%2C960%2C1025%2C960%2C951&vis=1&rsz=d%7Cd%7CeE%7C&abl=NS&pfx=0&fu=1040&bc=29&ifi=1&uci=a!1&xpc=W1giHZWRpy&p=https%3A//www.carrosnaweb.com.br&dtd=448, line 1: ReferenceError: vu is not defined
JavaScript error: https://googleads.g.doubleclick.net/pagead/ads?client=ca-pub-9891172707995683&output=html&h=90&twa=1&slotname=6193676054&adk=1460502994&adf=3297436742&w=808&fwrn=4&fwrnh=100&lmt=1569268169&guci=2.2.0.0.2.2.0.0&format=808x90&url=https%3A%2F%2Fwww.carrosnaweb.com.br%2Favancada.asp&flash=0&fwr=0&rh=90&rw=808&wgl=1&dt=1569268169315&bpp=16&bdt=719&fdt=419&idt=420&shv=r20190918&cbv=r20190131&saldr=aa&abxe=1&correlator=5712864015424&frm=20&pv=2&ga_vid=677079909.1569268169&ga_sid=1569268170&ga_hid=1184053063&ga_fc=0&icsg=141995&dssz=17&mdo=0&mso=0&u_tz=-180&u_his=1&u_java=0&u_h=1080&u_w=1920&u_ah=1053&u_aw=1920&u_cd=24&u_nplug=0&u_nmime=0&adx=221&ady=149&biw=948&bih=939&scr_x=0&scr_y=0&eid=151527007%2C248427478&oid=3&rx=0&eae=0&fc=912&brdim=960%2C27%2C960%2C27%2C1920%2C27%2C960%2C1025%2C960%2C951&vis=1&rsz=d%7Cd%7CeE%7C&abl=NS&pfx=0&fu=1040&bc=29&ifi=1&uci=a!1&xpc=W1giHZWRpy&p=https%3A//www.carrosnaweb.com.br&dtd=448, line 1: ReferenceError: buildAttribution is not defined
JavaScript error: https://googleads.g.doubleclick.net/pagead/ads?client=ca-pub-9891172707995683&output=html&h=90&twa=1&slotname=6193676054&adk=1460502994&adf=3297436742&w=808&fwrn=4&fwrnh=100&lmt=1569268169&guci=2.2.0.0.2.2.0.0&format=808x90&url=https%3A%2F%2Fwww.carrosnaweb.com.br%2Favancada.asp&flash=0&fwr=0&rh=90&rw=808&wgl=1&dt=1569268169315&bpp=16&bdt=719&fdt=419&idt=420&shv=r20190918&cbv=r20190131&saldr=aa&abxe=1&correlator=5712864015424&frm=20&pv=2&ga_vid=677079909.1569268169&ga_sid=1569268170&ga_hid=1184053063&ga_fc=0&icsg=141995&dssz=17&mdo=0&mso=0&u_tz=-180&u_his=1&u_java=0&u_h=1080&u_w=1920&u_ah=1053&u_aw=1920&u_cd=24&u_nplug=0&u_nmime=0&adx=221&ady=149&biw=948&bih=939&scr_x=0&scr_y=0&eid=151527007%2C248427478&oid=3&rx=0&eae=0&fc=912&brdim=960%2C27%2C960%2C27%2C1920%2C27%2C960%2C1025%2C960%2C951&vis=1&rsz=d%7Cd%7CeE%7C&abl=NS&pfx=0&fu=1040&bc=29&ifi=1&uci=a!1&xpc=W1giHZWRpy&p=https%3A//www.carrosnaweb.com.br&dtd=448, line 1: ReferenceError: osdlfm is not defined
JavaScript error: https://googleads.g.doubleclick.net/pagead/ads?client=ca-pub-9891172707995683&output=html&h=90&twa=1&slotname=6193676054&adk=1460502994&adf=3297436742&w=808&fwrn=4&fwrnh=100&lmt=1569268169&guci=2.2.0.0.2.2.0.0&format=808x90&url=https%3A%2F%2Fwww.carrosnaweb.com.br%2Favancada.asp&flash=0&fwr=0&rh=90&rw=808&wgl=1&dt=1569268169315&bpp=16&bdt=719&fdt=419&idt=420&shv=r20190918&cbv=r20190131&saldr=aa&abxe=1&correlator=5712864015424&frm=20&pv=2&ga_vid=677079909.1569268169&ga_sid=1569268170&ga_hid=1184053063&ga_fc=0&icsg=141995&dssz=17&mdo=0&mso=0&u_tz=-180&u_his=1&u_java=0&u_h=1080&u_w=1920&u_ah=1053&u_aw=1920&u_cd=24&u_nplug=0&u_nmime=0&adx=221&ady=149&biw=948&bih=939&scr_x=0&scr_y=0&eid=151527007%2C248427478&oid=3&rx=0&eae=0&fc=912&brdim=960%2C27%2C960%2C27%2C1920%2C27%2C960%2C1025%2C960%2C951&vis=1&rsz=d%7Cd%7CeE%7C&abl=NS&pfx=0&fu=1040&bc=29&ifi=1&uci=a!1&xpc=W1giHZWRpy&p=https%3A//www.carrosnaweb.com.br&dtd=448, line 1: ReferenceError: googqscp is not defined
JavaScript error: https://googleads.g.doubleclick.net/pagead/ads?client=ca-pub-9891172707995683&output=html&h=90&twa=1&slotname=6193676054&adk=1460502994&adf=3297436742&w=808&fwrn=4&fwrnh=100&lmt=1569268169&guci=2.2.0.0.2.2.0.0&format=808x90&url=https%3A%2F%2Fwww.carrosnaweb.com.br%2Favancada.asp&flash=0&fwr=0&rh=90&rw=808&wgl=1&dt=1569268169315&bpp=16&bdt=719&fdt=419&idt=420&shv=r20190918&cbv=r20190131&saldr=aa&abxe=1&correlator=5712864015424&frm=20&pv=2&ga_vid=677079909.1569268169&ga_sid=1569268170&ga_hid=1184053063&ga_fc=0&icsg=141995&dssz=17&mdo=0&mso=0&u_tz=-180&u_his=1&u_java=0&u_h=1080&u_w=1920&u_ah=1053&u_aw=1920&u_cd=24&u_nplug=0&u_nmime=0&adx=221&ady=149&biw=948&bih=939&scr_x=0&scr_y=0&eid=151527007%2C248427478&oid=3&rx=0&eae=0&fc=912&brdim=960%2C27%2C960%2C27%2C1920%2C27%2C960%2C1025%2C960%2C951&vis=1&rsz=d%7Cd%7CeE%7C&abl=NS&pfx=0&fu=1040&bc=29&ifi=1&uci=a!1&xpc=W1giHZWRpy&p=https%3A//www.carrosnaweb.com.br&dtd=448, line 1: ReferenceError: bga is not defined
JavaScript error: https://googleads.g.doubleclick.net/pagead/ads?client=ca-pub-9891172707995683&output=html&h=90&twa=1&slotname=6193676054&adk=1460502994&adf=3297436742&w=808&fwrn=4&fwrnh=100&lmt=1569268169&guci=2.2.0.0.2.2.0.0&format=808x90&url=https%3A%2F%2Fwww.carrosnaweb.com.br%2Favancada.asp&flash=0&fwr=0&rh=90&rw=808&wgl=1&dt=1569268169315&bpp=16&bdt=719&fdt=419&idt=420&shv=r20190918&cbv=r20190131&saldr=aa&abxe=1&correlator=5712864015424&frm=20&pv=2&ga_vid=677079909.1569268169&ga_sid=1569268170&ga_hid=1184053063&ga_fc=0&icsg=141995&dssz=17&mdo=0&mso=0&u_tz=-180&u_his=1&u_java=0&u_h=1080&u_w=1920&u_ah=1053&u_aw=1920&u_cd=24&u_nplug=0&u_nmime=0&adx=221&ady=149&biw=948&bih=939&scr_x=0&scr_y=0&eid=151527007%2C248427478&oid=3&rx=0&eae=0&fc=912&brdim=960%2C27%2C960%2C27%2C1920%2C27%2C960%2C1025%2C960%2C951&vis=1&rsz=d%7Cd%7CeE%7C&abl=NS&pfx=0&fu=1040&bc=29&ifi=1&uci=a!1&xpc=W1giHZWRpy&p=https%3A//www.carrosnaweb.com.br&dtd=448, line 1: ReferenceError: adSlot is not defined
[Parent 25398, Gecko_IOThread] WARNING: pipe error (83): Conexão fechada pela outra ponta: file /build/firefox-gS7uvX/firefox-69.0+build2/ipc/chromium/src/chrome/common/ipc_channel_posix.cc, line 358
1569268190894	Marionette	INFO	Stopped listening on port 35209
1569268364741	mozrunner::runner	INFO	Running command: "/usr/bin/firefox" "-marionette" "-foreground" "-no-remote" "-profile" "/tmp/rust_mozprofilegaQXFO"
1569268365041	addons.webextension.screenshots@mozilla.org	WARN	Loading extension 'screenshots@mozilla.org': Reading manifest: Invalid extension permission: mozillaAddons
1569268365041	addons.webextension.screenshots@mozilla.org	WARN	Loading extension 'screenshots@mozilla.org': Reading manifest: Invalid extension permission: telemetry
1569268365041	addons.webextension.screenshots@mozilla.org	WARN	Loading extension 'screenshots@mozilla.org': Reading manifest: Invalid extension permission: resource://pdf.js/
1569268365041	addons.webextension.screenshots@mozilla.org	WARN	Loading extension 'screenshots@mozilla.org': Reading manifest: Invalid extension permission: about:reader*
1569268366476	Marionette	INFO	Listening on port 41783
1569268366546	Marionette	WARN	TLS certificate errors will be ignored for this session
[Parent 25734, Gecko_IOThread] WARNING: pipe error (83): Conexão fechada pela outra ponta: file /build/firefox-gS7uvX/firefox-69.0+build2/ipc/chromium/src/chrome/common/ipc_channel_posix.cc, line 358
1569268388404	Marionette	INFO	Stopped listening on port 41783
1569268695989	mozrunner::runner	INFO	Running command: "/usr/bin/firefox" "-marionette" "-foreground" "-no-remote" "-profile" "/tmp/rust_mozprofileakkHjM"
1569268696279	addons.webextension.screenshots@mozilla.org	WARN	Loading extension 'screenshots@mozilla.org': Reading manifest: Invalid extension permission: mozillaAddons
1569268696279	addons.webextension.screenshots@mozilla.org	WARN	Loading extension 'screenshots@mozilla.org': Reading manifest: Invalid extension permission: telemetry
1569268696279	addons.webextension.screenshots@mozilla.org	WARN	Loading extension 'screenshots@mozilla.org': Reading manifest: Invalid extension permission: resource://pdf.js/
1569268696279	addons.webextension.screenshots@mozilla.org	WARN	Loading extension 'screenshots@mozilla.org': Reading manifest: Invalid extension permission: about:reader*
1569268697764	Marionette	INFO	Listening on port 39137
1569268697808	Marionette	WARN	TLS certificate errors will be ignored for this session
Exiting due to channel error.
Exiting due to channel error.
Exiting due to channel error.
1569268752449	mozrunner::runner	INFO	Running command: "/usr/bin/firefox" "-marionette" "-foreground" "-no-remote" "-profile" "/tmp/rust_mozprofileUMZhc1"
1569268752749	addons.webextension.screenshots@mozilla.org	WARN	Loading extension 'screenshots@mozilla.org': Reading manifest: Invalid extension permission: mozillaAddons
1569268752749	addons.webextension.screenshots@mozilla.org	WARN	Loading extension 'screenshots@mozilla.org': Reading manifest: Invalid extension permission: telemetry
1569268752749	addons.webextension.screenshots@mozilla.org	WARN	Loading extension 'screenshots@mozilla.org': Reading manifest: Invalid extension permission: resource://pdf.js/
1569268752749	addons.webextension.screenshots@mozilla.org	WARN	Loading extension 'screenshots@mozilla.org': Reading manifest: Invalid extension permission: about:reader*
1569268754150	Marionette	INFO	Listening on port 41557
1569268754158	Marionette	WARN	TLS certificate errors will be ignored for this session
Exiting due to channel error.
[Child 26462, Chrome_ChildThread] WARNING: pipe error (3): Conexão fechada pela outra ponta: file /build/firefox-gS7uvX/firefox-69.0+build2/ipc/chromium/src/chrome/common/ipc_channel_posix.cc, line 358
Exiting due to channel error.
Exiting due to channel error.
1569268810432	mozrunner::runner	INFO	Running command: "/usr/bin/firefox" "-marionette" "-foreground" "-no-remote" "-profile" "/tmp/rust_mozprofile0UCHyi"
1569268810719	addons.webextension.screenshots@mozilla.org	WARN	Loading extension 'screenshots@mozilla.org': Reading manifest: Invalid extension permission: mozillaAddons
1569268810719	addons.webextension.screenshots@mozilla.org	WARN	Loading extension 'screenshots@mozilla.org': Reading manifest: Invalid extension permission: telemetry
1569268810720	addons.webextension.screenshots@mozilla.org	WARN	Loading extension 'screenshots@mozilla.org': Reading manifest: Invalid extension permission: resource://pdf.js/
1569268810720	addons.webextension.screenshots@mozilla.org	WARN	Loading extension 'screenshots@mozilla.org': Reading manifest: Invalid extension permission: about:reader*
1569268812188	Marionette	INFO	Listening on port 45187
1569268812256	Marionette	WARN	TLS certificate errors will be ignored for this session
Exiting due to channel error.
Exiting due to channel error.
Exiting due to channel error.
1569268853392	mozrunner::runner	INFO	Running command: "/usr/bin/firefox" "-marionette" "-foreground" "-no-remote" "-profile" "/tmp/rust_mozprofile49J0fK"
1569268853688	addons.webextension.screenshots@mozilla.org	WARN	Loading extension 'screenshots@mozilla.org': Reading manifest: Invalid extension permission: mozillaAddons
1569268853688	addons.webextension.screenshots@mozilla.org	WARN	Loading extension 'screenshots@mozilla.org': Reading manifest: Invalid extension permission: telemetry
1569268853689	addons.webextension.screenshots@mozilla.org	WARN	Loading extension 'screenshots@mozilla.org': Reading manifest: Invalid extension permission: resource://pdf.js/
1569268853689	addons.webextension.screenshots@mozilla.org	WARN	Loading extension 'screenshots@mozilla.org': Reading manifest: Invalid extension permission: about:reader*
1569268855312	Marionette	INFO	Listening on port 36485
1569268855405	Marionette	WARN	TLS certificate errors will be ignored for this session
[Parent 26942, Gecko_IOThread] WARNING: pipe error (83): Conexão fechada pela outra ponta: file /build/firefox-gS7uvX/firefox-69.0+build2/ipc/chromium/src/chrome/common/ipc_channel_posix.cc, line 358
1569268864673	Marionette	INFO	Stopped listening on port 36485
1569268909175	mozrunner::runner	INFO	Running command: "/usr/bin/firefox" "-marionette" "-foreground" "-no-remote" "-profile" "/tmp/rust_mozprofile2kxmKp"
1569268909469	addons.webextension.screenshots@mozilla.org	WARN	Loading extension 'screenshots@mozilla.org': Reading manifest: Invalid extension permission: mozillaAddons
1569268909470	addons.webextension.screenshots@mozilla.org	WARN	Loading extension 'screenshots@mozilla.org': Reading manifest: Invalid extension permission: telemetry
1569268909470	addons.webextension.screenshots@mozilla.org	WARN	Loading extension 'screenshots@mozilla.org': Reading manifest: Invalid extension permission: resource://pdf.js/
1569268909470	addons.webextension.screenshots@mozilla.org	WARN	Loading extension 'screenshots@mozilla.org': Reading manifest: Invalid extension permission: about:reader*
1569268910909	Marionette	INFO	Listening on port 37881
1569268910982	Marionette	WARN	TLS certificate errors will be ignored for this session
Exiting due to channel error.
Exiting due to channel error.
Exiting due to channel error.
1569268940726	mozrunner::runner	INFO	Running command: "/usr/bin/firefox" "-marionette" "-foreground" "-no-remote" "-profile" "/tmp/rust_mozprofile7YySCe"
1569268941018	addons.webextension.screenshots@mozilla.org	WARN	Loading extension 'screenshots@mozilla.org': Reading manifest: Invalid extension permission: mozillaAddons
1569268941018	addons.webextension.screenshots@mozilla.org	WARN	Loading extension 'screenshots@mozilla.org': Reading manifest: Invalid extension permission: telemetry
1569268941018	addons.webextension.screenshots@mozilla.org	WARN	Loading extension 'screenshots@mozilla.org': Reading manifest: Invalid extension permission: resource://pdf.js/
1569268941018	addons.webextension.screenshots@mozilla.org	WARN	Loading extension 'screenshots@mozilla.org': Reading manifest: Invalid extension permission: about:reader*
1569268942548	Marionette	INFO	Listening on port 33433
1569268942635	Marionette	WARN	TLS certificate errors will be ignored for this session
Exiting due to channel error.
Exiting due to channel error.
Exiting due to channel error.
1569269066236	mozrunner::runner	INFO	Running command: "/usr/bin/firefox" "-marionette" "-foreground" "-no-remote" "-profile" "/tmp/rust_mozprofilewgnLnN"
1569269066535	addons.webextension.screenshots@mozilla.org	WARN	Loading extension 'screenshots@mozilla.org': Reading manifest: Invalid extension permission: mozillaAddons
1569269066535	addons.webextension.screenshots@mozilla.org	WARN	Loading extension 'screenshots@mozilla.org': Reading manifest: Invalid extension permission: telemetry
1569269066536	addons.webextension.screenshots@mozilla.org	WARN	Loading extension 'screenshots@mozilla.org': Reading manifest: Invalid extension permission: resource://pdf.js/
1569269066536	addons.webextension.screenshots@mozilla.org	WARN	Loading extension 'screenshots@mozilla.org': Reading manifest: Invalid extension permission: about:reader*
1569269067946	Marionette	INFO	Listening on port 43939
1569269068040	Marionette	WARN	TLS certificate errors will be ignored for this session
[Parent 27773, Gecko_IOThread] WARNING: pipe error (83): Conexão fechada pela outra ponta: file /build/firefox-gS7uvX/firefox-69.0+build2/ipc/chromium/src/chrome/common/ipc_channel_posix.cc, line 358
1569269081294	Marionette	INFO	Stopped listening on port 43939
1569269086561	mozrunner::runner	INFO	Running command: "/usr/bin/firefox" "-marionette" "-foreground" "-no-remote" "-profile" "/tmp/rust_mozprofilerEhlR0"
1569269086863	addons.webextension.screenshots@mozilla.org	WARN	Loading extension 'screenshots@mozilla.org': Reading manifest: Invalid extension permission: mozillaAddons
1569269086863	addons.webextension.screenshots@mozilla.org	WARN	Loading extension 'screenshots@mozilla.org': Reading manifest: Invalid extension permission: telemetry
1569269086864	addons.webextension.screenshots@mozilla.org	WARN	Loading extension 'screenshots@mozilla.org': Reading manifest: Invalid extension permission: resource://pdf.js/
1569269086864	addons.webextension.screenshots@mozilla.org	WARN	Loading extension 'screenshots@mozilla.org': Reading manifest: Invalid extension permission: about:reader*
1569269088529	Marionette	INFO	Listening on port 35239
1569269088572	Marionette	WARN	TLS certificate errors will be ignored for this session
[Parent 28032, Gecko_IOThread] WARNING: pipe error (83): Conexão fechada pela outra ponta: file /build/firefox-gS7uvX/firefox-69.0+build2/ipc/chromium/src/chrome/common/ipc_channel_posix.cc, line 358
1569269099798	Marionette	INFO	Stopped listening on port 35239
1569269158023	mozrunner::runner	INFO	Running command: "/usr/bin/firefox" "-marionette" "-foreground" "-no-remote" "-profile" "/tmp/rust_mozprofileHwlKsn"
1569269158312	addons.webextension.screenshots@mozilla.org	WARN	Loading extension 'screenshots@mozilla.org': Reading manifest: Invalid extension permission: mozillaAddons
1569269158312	addons.webextension.screenshots@mozilla.org	WARN	Loading extension 'screenshots@mozilla.org': Reading manifest: Invalid extension permission: telemetry
1569269158312	addons.webextension.screenshots@mozilla.org	WARN	Loading extension 'screenshots@mozilla.org': Reading manifest: Invalid extension permission: resource://pdf.js/
1569269158312	addons.webextension.screenshots@mozilla.org	WARN	Loading extension 'screenshots@mozilla.org': Reading manifest: Invalid extension permission: about:reader*
1569269159776	Marionette	INFO	Listening on port 44733
1569269159829	Marionette	WARN	TLS certificate errors will be ignored for this session
[Parent 28314, Gecko_IOThread] WARNING: pipe error (83): Conexão fechada pela outra ponta: file /build/firefox-gS7uvX/firefox-69.0+build2/ipc/chromium/src/chrome/common/ipc_channel_posix.cc, line 358
1569269177535	Marionette	INFO	Stopped listening on port 44733
1569269251286	mozrunner::runner	INFO	Running command: "/usr/bin/firefox" "-marionette" "-foreground" "-no-remote" "-profile" "/tmp/rust_mozprofileuyW2Kr"
1569269251580	addons.webextension.screenshots@mozilla.org	WARN	Loading extension 'screenshots@mozilla.org': Reading manifest: Invalid extension permission: mozillaAddons
1569269251580	addons.webextension.screenshots@mozilla.org	WARN	Loading extension 'screenshots@mozilla.org': Reading manifest: Invalid extension permission: telemetry
1569269251580	addons.webextension.screenshots@mozilla.org	WARN	Loading extension 'screenshots@mozilla.org': Reading manifest: Invalid extension permission: resource://pdf.js/
1569269251580	addons.webextension.screenshots@mozilla.org	WARN	Loading extension 'screenshots@mozilla.org': Reading manifest: Invalid extension permission: about:reader*
1569269253074	Marionette	INFO	Listening on port 45851
1569269253093	Marionette	WARN	TLS certificate errors will be ignored for this session
[Parent 28675, Gecko_IOThread] WARNING: pipe error (83): Conexão fechada pela outra ponta: file /build/firefox-gS7uvX/firefox-69.0+build2/ipc/chromium/src/chrome/common/ipc_channel_posix.cc, line 358
1569269259623	Marionette	INFO	Stopped listening on port 45851
1569269441217	mozrunner::runner	INFO	Running command: "/usr/bin/firefox" "-marionette" "-foreground" "-no-remote" "-profile" "/tmp/rust_mozprofileyH0g7T"
1569269441518	addons.webextension.screenshots@mozilla.org	WARN	Loading extension 'screenshots@mozilla.org': Reading manifest: Invalid extension permission: mozillaAddons
1569269441518	addons.webextension.screenshots@mozilla.org	WARN	Loading extension 'screenshots@mozilla.org': Reading manifest: Invalid extension permission: telemetry
1569269441518	addons.webextension.screenshots@mozilla.org	WARN	Loading extension 'screenshots@mozilla.org': Reading manifest: Invalid extension permission: resource://pdf.js/
1569269441518	addons.webextension.screenshots@mozilla.org	WARN	Loading extension 'screenshots@mozilla.org': Reading manifest: Invalid extension permission: about:reader*
1569269443127	Marionette	INFO	Listening on port 42643
1569269443223	Marionette	WARN	TLS certificate errors will be ignored for this session
[Parent 29139, Gecko_IOThread] WARNING: pipe error (83): Conexão fechada pela outra ponta: file /build/firefox-gS7uvX/firefox-69.0+build2/ipc/chromium/src/chrome/common/ipc_channel_posix.cc, line 358
1569269453726	Marionette	INFO	Stopped listening on port 42643
1569269459989	mozrunner::runner	INFO	Running command: "/usr/bin/firefox" "-marionette" "-foreground" "-no-remote" "-profile" "/tmp/rust_mozprofilemEFicH"
1569269460291	addons.webextension.screenshots@mozilla.org	WARN	Loading extension 'screenshots@mozilla.org': Reading manifest: Invalid extension permission: mozillaAddons
1569269460291	addons.webextension.screenshots@mozilla.org	WARN	Loading extension 'screenshots@mozilla.org': Reading manifest: Invalid extension permission: telemetry
1569269460291	addons.webextension.screenshots@mozilla.org	WARN	Loading extension 'screenshots@mozilla.org': Reading manifest: Invalid extension permission: resource://pdf.js/
1569269460291	addons.webextension.screenshots@mozilla.org	WARN	Loading extension 'screenshots@mozilla.org': Reading manifest: Invalid extension permission: about:reader*
1569269461777	Marionette	INFO	Listening on port 39175
1569269461802	Marionette	WARN	TLS certificate errors will be ignored for this session
[Parent 29403, Gecko_IOThread] WARNING: pipe error (83): Conexão fechada pela outra ponta: file /build/firefox-gS7uvX/firefox-69.0+build2/ipc/chromium/src/chrome/common/ipc_channel_posix.cc, line 358
1569269472474	Marionette	INFO	Stopped listening on port 39175
1569269634490	mozrunner::runner	INFO	Running command: "/usr/bin/firefox" "-marionette" "-foreground" "-no-remote" "-profile" "/tmp/rust_mozprofile6EZRwn"
1569269634780	addons.webextension.screenshots@mozilla.org	WARN	Loading extension 'screenshots@mozilla.org': Reading manifest: Invalid extension permission: mozillaAddons
1569269634780	addons.webextension.screenshots@mozilla.org	WARN	Loading extension 'screenshots@mozilla.org': Reading manifest: Invalid extension permission: telemetry
1569269634780	addons.webextension.screenshots@mozilla.org	WARN	Loading extension 'screenshots@mozilla.org': Reading manifest: Invalid extension permission: resource://pdf.js/
1569269634780	addons.webextension.screenshots@mozilla.org	WARN	Loading extension 'screenshots@mozilla.org': Reading manifest: Invalid extension permission: about:reader*
1569269636224	Marionette	INFO	Listening on port 40075
1569269636295	Marionette	WARN	TLS certificate errors will be ignored for this session
[Parent 29704, Gecko_IOThread] WARNING: pipe error (83): Conexão fechada pela outra ponta: file /build/firefox-gS7uvX/firefox-69.0+build2/ipc/chromium/src/chrome/common/ipc_channel_posix.cc, line 358
1569269646107	Marionette	INFO	Stopped listening on port 40075
1569269649261	mozrunner::runner	INFO	Running command: "/usr/bin/firefox" "-marionette" "-foreground" "-no-remote" "-profile" "/tmp/rust_mozprofileAB6rlu"
1569269649561	addons.webextension.screenshots@mozilla.org	WARN	Loading extension 'screenshots@mozilla.org': Reading manifest: Invalid extension permission: mozillaAddons
1569269649561	addons.webextension.screenshots@mozilla.org	WARN	Loading extension 'screenshots@mozilla.org': Reading manifest: Invalid extension permission: telemetry
1569269649561	addons.webextension.screenshots@mozilla.org	WARN	Loading extension 'screenshots@mozilla.org': Reading manifest: Invalid extension permission: resource://pdf.js/
1569269649561	addons.webextension.screenshots@mozilla.org	WARN	Loading extension 'screenshots@mozilla.org': Reading manifest: Invalid extension permission: about:reader*
1569269650979	Marionette	INFO	Listening on port 40823
1569269651066	Marionette	WARN	TLS certificate errors will be ignored for this session
JavaScript error: https://googleads.g.doubleclick.net/pagead/ads?client=ca-pub-9891172707995683&output=html&h=90&twa=1&slotname=6193676054&adk=1460502994&adf=3297436742&w=808&fwrn=4&fwrnh=100&lmt=1569269652&guci=2.2.0.0.2.2.0.0&format=808x90&url=https%3A%2F%2Fwww.carrosnaweb.com.br%2Favancada.asp&flash=0&fwr=0&rh=90&rw=808&wgl=1&dt=1569269652403&bpp=23&bdt=742&fdt=427&idt=427&shv=r20190918&cbv=r20190131&saldr=aa&abxe=1&correlator=683615029431&frm=20&pv=2&ga_vid=1832305185.1569269652&ga_sid=1569269653&ga_hid=726158167&ga_fc=0&icsg=141995&dssz=17&mdo=0&mso=0&u_tz=-180&u_his=1&u_java=0&u_h=1080&u_w=1920&u_ah=1053&u_aw=1920&u_cd=24&u_nplug=0&u_nmime=0&adx=221&ady=149&biw=948&bih=939&scr_x=0&scr_y=0&eid=151527007&oid=3&rx=0&eae=0&fc=912&brdim=960%2C27%2C960%2C27%2C1920%2C27%2C960%2C1025%2C960%2C951&vis=1&rsz=d%7Cd%7CeE%7C&abl=NS&pfx=0&fu=1040&bc=29&ifi=1&uci=a!1&xpc=FuNuIMa7gw&p=https%3A//www.carrosnaweb.com.br&dtd=452, line 1: ReferenceError: init_ssb is not defined
JavaScript error: https://googleads.g.doubleclick.net/pagead/ads?client=ca-pub-9891172707995683&output=html&h=90&twa=1&slotname=6193676054&adk=1460502994&adf=3297436742&w=808&fwrn=4&fwrnh=100&lmt=1569269652&guci=2.2.0.0.2.2.0.0&format=808x90&url=https%3A%2F%2Fwww.carrosnaweb.com.br%2Favancada.asp&flash=0&fwr=0&rh=90&rw=808&wgl=1&dt=1569269652403&bpp=23&bdt=742&fdt=427&idt=427&shv=r20190918&cbv=r20190131&saldr=aa&abxe=1&correlator=683615029431&frm=20&pv=2&ga_vid=1832305185.1569269652&ga_sid=1569269653&ga_hid=726158167&ga_fc=0&icsg=141995&dssz=17&mdo=0&mso=0&u_tz=-180&u_his=1&u_java=0&u_h=1080&u_w=1920&u_ah=1053&u_aw=1920&u_cd=24&u_nplug=0&u_nmime=0&adx=221&ady=149&biw=948&bih=939&scr_x=0&scr_y=0&eid=151527007&oid=3&rx=0&eae=0&fc=912&brdim=960%2C27%2C960%2C27%2C1920%2C27%2C960%2C1025%2C960%2C951&vis=1&rsz=d%7Cd%7CeE%7C&abl=NS&pfx=0&fu=1040&bc=29&ifi=1&uci=a!1&xpc=FuNuIMa7gw&p=https%3A//www.carrosnaweb.com.br&dtd=452, line 1: ReferenceError: buildAdSlot is not defined
JavaScript error: https://googleads.g.doubleclick.net/pagead/ads?client=ca-pub-9891172707995683&output=html&h=90&twa=1&slotname=6193676054&adk=1460502994&adf=3297436742&w=808&fwrn=4&fwrnh=100&lmt=1569269652&guci=2.2.0.0.2.2.0.0&format=808x90&url=https%3A%2F%2Fwww.carrosnaweb.com.br%2Favancada.asp&flash=0&fwr=0&rh=90&rw=808&wgl=1&dt=1569269652403&bpp=23&bdt=742&fdt=427&idt=427&shv=r20190918&cbv=r20190131&saldr=aa&abxe=1&correlator=683615029431&frm=20&pv=2&ga_vid=1832305185.1569269652&ga_sid=1569269653&ga_hid=726158167&ga_fc=0&icsg=141995&dssz=17&mdo=0&mso=0&u_tz=-180&u_his=1&u_java=0&u_h=1080&u_w=1920&u_ah=1053&u_aw=1920&u_cd=24&u_nplug=0&u_nmime=0&adx=221&ady=149&biw=948&bih=939&scr_x=0&scr_y=0&eid=151527007&oid=3&rx=0&eae=0&fc=912&brdim=960%2C27%2C960%2C27%2C1920%2C27%2C960%2C1025%2C960%2C951&vis=1&rsz=d%7Cd%7CeE%7C&abl=NS&pfx=0&fu=1040&bc=29&ifi=1&uci=a!1&xpc=FuNuIMa7gw&p=https%3A//www.carrosnaweb.com.br&dtd=452, line 1: ReferenceError: init_icr is not defined
JavaScript error: https://googleads.g.doubleclick.net/pagead/ads?client=ca-pub-9891172707995683&output=html&h=90&twa=1&slotname=6193676054&adk=1460502994&adf=3297436742&w=808&fwrn=4&fwrnh=100&lmt=1569269652&guci=2.2.0.0.2.2.0.0&format=808x90&url=https%3A%2F%2Fwww.carrosnaweb.com.br%2Favancada.asp&flash=0&fwr=0&rh=90&rw=808&wgl=1&dt=1569269652403&bpp=23&bdt=742&fdt=427&idt=427&shv=r20190918&cbv=r20190131&saldr=aa&abxe=1&correlator=683615029431&frm=20&pv=2&ga_vid=1832305185.1569269652&ga_sid=1569269653&ga_hid=726158167&ga_fc=0&icsg=141995&dssz=17&mdo=0&mso=0&u_tz=-180&u_his=1&u_java=0&u_h=1080&u_w=1920&u_ah=1053&u_aw=1920&u_cd=24&u_nplug=0&u_nmime=0&adx=221&ady=149&biw=948&bih=939&scr_x=0&scr_y=0&eid=151527007&oid=3&rx=0&eae=0&fc=912&brdim=960%2C27%2C960%2C27%2C1920%2C27%2C960%2C1025%2C960%2C951&vis=1&rsz=d%7Cd%7CeE%7C&abl=NS&pfx=0&fu=1040&bc=29&ifi=1&uci=a!1&xpc=FuNuIMa7gw&p=https%3A//www.carrosnaweb.com.br&dtd=452, line 1: ReferenceError: buildTextAd is not defined
JavaScript error: https://googleads.g.doubleclick.net/pagead/ads?client=ca-pub-9891172707995683&output=html&h=90&twa=1&slotname=6193676054&adk=1460502994&adf=3297436742&w=808&fwrn=4&fwrnh=100&lmt=1569269652&guci=2.2.0.0.2.2.0.0&format=808x90&url=https%3A%2F%2Fwww.carrosnaweb.com.br%2Favancada.asp&flash=0&fwr=0&rh=90&rw=808&wgl=1&dt=1569269652403&bpp=23&bdt=742&fdt=427&idt=427&shv=r20190918&cbv=r20190131&saldr=aa&abxe=1&correlator=683615029431&frm=20&pv=2&ga_vid=1832305185.1569269652&ga_sid=1569269653&ga_hid=726158167&ga_fc=0&icsg=141995&dssz=17&mdo=0&mso=0&u_tz=-180&u_his=1&u_java=0&u_h=1080&u_w=1920&u_ah=1053&u_aw=1920&u_cd=24&u_nplug=0&u_nmime=0&adx=221&ady=149&biw=948&bih=939&scr_x=0&scr_y=0&eid=151527007&oid=3&rx=0&eae=0&fc=912&brdim=960%2C27%2C960%2C27%2C1920%2C27%2C960%2C1025%2C960%2C951&vis=1&rsz=d%7Cd%7CeE%7C&abl=NS&pfx=0&fu=1040&bc=29&ifi=1&uci=a!1&xpc=FuNuIMa7gw&p=https%3A//www.carrosnaweb.com.br&dtd=452, line 1: ReferenceError: vu is not defined
JavaScript error: https://googleads.g.doubleclick.net/pagead/ads?client=ca-pub-9891172707995683&output=html&h=90&twa=1&slotname=6193676054&adk=1460502994&adf=3297436742&w=808&fwrn=4&fwrnh=100&lmt=1569269652&guci=2.2.0.0.2.2.0.0&format=808x90&url=https%3A%2F%2Fwww.carrosnaweb.com.br%2Favancada.asp&flash=0&fwr=0&rh=90&rw=808&wgl=1&dt=1569269652403&bpp=23&bdt=742&fdt=427&idt=427&shv=r20190918&cbv=r20190131&saldr=aa&abxe=1&correlator=683615029431&frm=20&pv=2&ga_vid=1832305185.1569269652&ga_sid=1569269653&ga_hid=726158167&ga_fc=0&icsg=141995&dssz=17&mdo=0&mso=0&u_tz=-180&u_his=1&u_java=0&u_h=1080&u_w=1920&u_ah=1053&u_aw=1920&u_cd=24&u_nplug=0&u_nmime=0&adx=221&ady=149&biw=948&bih=939&scr_x=0&scr_y=0&eid=151527007&oid=3&rx=0&eae=0&fc=912&brdim=960%2C27%2C960%2C27%2C1920%2C27%2C960%2C1025%2C960%2C951&vis=1&rsz=d%7Cd%7CeE%7C&abl=NS&pfx=0&fu=1040&bc=29&ifi=1&uci=a!1&xpc=FuNuIMa7gw&p=https%3A//www.carrosnaweb.com.br&dtd=452, line 1: ReferenceError: buildAttribution is not defined
JavaScript error: https://googleads.g.doubleclick.net/pagead/ads?client=ca-pub-9891172707995683&output=html&h=90&twa=1&slotname=6193676054&adk=1460502994&adf=3297436742&w=808&fwrn=4&fwrnh=100&lmt=1569269652&guci=2.2.0.0.2.2.0.0&format=808x90&url=https%3A%2F%2Fwww.carrosnaweb.com.br%2Favancada.asp&flash=0&fwr=0&rh=90&rw=808&wgl=1&dt=1569269652403&bpp=23&bdt=742&fdt=427&idt=427&shv=r20190918&cbv=r20190131&saldr=aa&abxe=1&correlator=683615029431&frm=20&pv=2&ga_vid=1832305185.1569269652&ga_sid=1569269653&ga_hid=726158167&ga_fc=0&icsg=141995&dssz=17&mdo=0&mso=0&u_tz=-180&u_his=1&u_java=0&u_h=1080&u_w=1920&u_ah=1053&u_aw=1920&u_cd=24&u_nplug=0&u_nmime=0&adx=221&ady=149&biw=948&bih=939&scr_x=0&scr_y=0&eid=151527007&oid=3&rx=0&eae=0&fc=912&brdim=960%2C27%2C960%2C27%2C1920%2C27%2C960%2C1025%2C960%2C951&vis=1&rsz=d%7Cd%7CeE%7C&abl=NS&pfx=0&fu=1040&bc=29&ifi=1&uci=a!1&xpc=FuNuIMa7gw&p=https%3A//www.carrosnaweb.com.br&dtd=452, line 1: ReferenceError: osdlfm is not defined
JavaScript error: https://googleads.g.doubleclick.net/pagead/ads?client=ca-pub-9891172707995683&output=html&h=90&twa=1&slotname=6193676054&adk=1460502994&adf=3297436742&w=808&fwrn=4&fwrnh=100&lmt=1569269652&guci=2.2.0.0.2.2.0.0&format=808x90&url=https%3A%2F%2Fwww.carrosnaweb.com.br%2Favancada.asp&flash=0&fwr=0&rh=90&rw=808&wgl=1&dt=1569269652403&bpp=23&bdt=742&fdt=427&idt=427&shv=r20190918&cbv=r20190131&saldr=aa&abxe=1&correlator=683615029431&frm=20&pv=2&ga_vid=1832305185.1569269652&ga_sid=1569269653&ga_hid=726158167&ga_fc=0&icsg=141995&dssz=17&mdo=0&mso=0&u_tz=-180&u_his=1&u_java=0&u_h=1080&u_w=1920&u_ah=1053&u_aw=1920&u_cd=24&u_nplug=0&u_nmime=0&adx=221&ady=149&biw=948&bih=939&scr_x=0&scr_y=0&eid=151527007&oid=3&rx=0&eae=0&fc=912&brdim=960%2C27%2C960%2C27%2C1920%2C27%2C960%2C1025%2C960%2C951&vis=1&rsz=d%7Cd%7CeE%7C&abl=NS&pfx=0&fu=1040&bc=29&ifi=1&uci=a!1&xpc=FuNuIMa7gw&p=https%3A//www.carrosnaweb.com.br&dtd=452, line 1: ReferenceError: googqscp is not defined
JavaScript error: https://googleads.g.doubleclick.net/pagead/ads?client=ca-pub-9891172707995683&output=html&h=90&twa=1&slotname=6193676054&adk=1460502994&adf=3297436742&w=808&fwrn=4&fwrnh=100&lmt=1569269652&guci=2.2.0.0.2.2.0.0&format=808x90&url=https%3A%2F%2Fwww.carrosnaweb.com.br%2Favancada.asp&flash=0&fwr=0&rh=90&rw=808&wgl=1&dt=1569269652403&bpp=23&bdt=742&fdt=427&idt=427&shv=r20190918&cbv=r20190131&saldr=aa&abxe=1&correlator=683615029431&frm=20&pv=2&ga_vid=1832305185.1569269652&ga_sid=1569269653&ga_hid=726158167&ga_fc=0&icsg=141995&dssz=17&mdo=0&mso=0&u_tz=-180&u_his=1&u_java=0&u_h=1080&u_w=1920&u_ah=1053&u_aw=1920&u_cd=24&u_nplug=0&u_nmime=0&adx=221&ady=149&biw=948&bih=939&scr_x=0&scr_y=0&eid=151527007&oid=3&rx=0&eae=0&fc=912&brdim=960%2C27%2C960%2C27%2C1920%2C27%2C960%2C1025%2C960%2C951&vis=1&rsz=d%7Cd%7CeE%7C&abl=NS&pfx=0&fu=1040&bc=29&ifi=1&uci=a!1&xpc=FuNuIMa7gw&p=https%3A//www.carrosnaweb.com.br&dtd=452, line 1: ReferenceError: bga is not defined
JavaScript error: https://googleads.g.doubleclick.net/pagead/ads?client=ca-pub-9891172707995683&output=html&h=90&twa=1&slotname=6193676054&adk=1460502994&adf=3297436742&w=808&fwrn=4&fwrnh=100&lmt=1569269652&guci=2.2.0.0.2.2.0.0&format=808x90&url=https%3A%2F%2Fwww.carrosnaweb.com.br%2Favancada.asp&flash=0&fwr=0&rh=90&rw=808&wgl=1&dt=1569269652403&bpp=23&bdt=742&fdt=427&idt=427&shv=r20190918&cbv=r20190131&saldr=aa&abxe=1&correlator=683615029431&frm=20&pv=2&ga_vid=1832305185.1569269652&ga_sid=1569269653&ga_hid=726158167&ga_fc=0&icsg=141995&dssz=17&mdo=0&mso=0&u_tz=-180&u_his=1&u_java=0&u_h=1080&u_w=1920&u_ah=1053&u_aw=1920&u_cd=24&u_nplug=0&u_nmime=0&adx=221&ady=149&biw=948&bih=939&scr_x=0&scr_y=0&eid=151527007&oid=3&rx=0&eae=0&fc=912&brdim=960%2C27%2C960%2C27%2C1920%2C27%2C960%2C1025%2C960%2C951&vis=1&rsz=d%7Cd%7CeE%7C&abl=NS&pfx=0&fu=1040&bc=29&ifi=1&uci=a!1&xpc=FuNuIMa7gw&p=https%3A//www.carrosnaweb.com.br&dtd=452, line 1: ReferenceError: adSlot is not defined
[Parent 29967, Gecko_IOThread] WARNING: pipe error (83): Conexão fechada pela outra ponta: file /build/firefox-gS7uvX/firefox-69.0+build2/ipc/chromium/src/chrome/common/ipc_channel_posix.cc, line 358
1569269661267	Marionette	INFO	Stopped listening on port 40823
1569269685152	mozrunner::runner	INFO	Running command: "/usr/bin/firefox" "-marionette" "-foreground" "-no-remote" "-profile" "/tmp/rust_mozprofileLmk848"
1569269685443	addons.webextension.screenshots@mozilla.org	WARN	Loading extension 'screenshots@mozilla.org': Reading manifest: Invalid extension permission: mozillaAddons
1569269685443	addons.webextension.screenshots@mozilla.org	WARN	Loading extension 'screenshots@mozilla.org': Reading manifest: Invalid extension permission: telemetry
1569269685443	addons.webextension.screenshots@mozilla.org	WARN	Loading extension 'screenshots@mozilla.org': Reading manifest: Invalid extension permission: resource://pdf.js/
1569269685443	addons.webextension.screenshots@mozilla.org	WARN	Loading extension 'screenshots@mozilla.org': Reading manifest: Invalid extension permission: about:reader*
1569269687068	Marionette	INFO	Listening on port 34851
1569269687182	Marionette	WARN	TLS certificate errors will be ignored for this session
[Parent 30250, Gecko_IOThread] WARNING: pipe error (83): Conexão fechada pela outra ponta: file /build/firefox-gS7uvX/firefox-69.0+build2/ipc/chromium/src/chrome/common/ipc_channel_posix.cc, line 358
1569269853870	Marionette	INFO	Stopped listening on port 34851
1569270402160	mozrunner::runner	INFO	Running command: "/usr/bin/firefox" "-marionette" "-foreground" "-no-remote" "-profile" "/tmp/rust_mozprofile2pL0n1"
1569270402545	addons.webextension.screenshots@mozilla.org	WARN	Loading extension 'screenshots@mozilla.org': Reading manifest: Invalid extension permission: mozillaAddons
1569270402545	addons.webextension.screenshots@mozilla.org	WARN	Loading extension 'screenshots@mozilla.org': Reading manifest: Invalid extension permission: telemetry
1569270402545	addons.webextension.screenshots@mozilla.org	WARN	Loading extension 'screenshots@mozilla.org': Reading manifest: Invalid extension permission: resource://pdf.js/
1569270402545	addons.webextension.screenshots@mozilla.org	WARN	Loading extension 'screenshots@mozilla.org': Reading manifest: Invalid extension permission: about:reader*
1569270404221	Marionette	INFO	Listening on port 33185
1569270404315	Marionette	WARN	TLS certificate errors will be ignored for this session
[Parent 31714, Gecko_IOThread] WARNING: pipe error (83): Conexão fechada pela outra ponta: file /build/firefox-gS7uvX/firefox-69.0+build2/ipc/chromium/src/chrome/common/ipc_channel_posix.cc, line 358
1569270433652	Marionette	INFO	Stopped listening on port 33185
1569272115343	mozrunner::runner	INFO	Running command: "/usr/bin/firefox" "-marionette" "-foreground" "-no-remote" "-profile" "/tmp/rust_mozprofilePUvpTJ"
1569272115652	addons.webextension.screenshots@mozilla.org	WARN	Loading extension 'screenshots@mozilla.org': Reading manifest: Invalid extension permission: mozillaAddons
1569272115652	addons.webextension.screenshots@mozilla.org	WARN	Loading extension 'screenshots@mozilla.org': Reading manifest: Invalid extension permission: telemetry
1569272115652	addons.webextension.screenshots@mozilla.org	WARN	Loading extension 'screenshots@mozilla.org': Reading manifest: Invalid extension permission: resource://pdf.js/
1569272115652	addons.webextension.screenshots@mozilla.org	WARN	Loading extension 'screenshots@mozilla.org': Reading manifest: Invalid extension permission: about:reader*
1569272117073	Marionette	INFO	Listening on port 38839
1569272117156	Marionette	WARN	TLS certificate errors will be ignored for this session
1569272165033	mozrunner::runner	INFO	Running command: "/usr/bin/firefox" "-marionette" "-foreground" "-no-remote" "-profile" "/tmp/rust_mozprofile8H2GnN"
1569272165334	addons.webextension.screenshots@mozilla.org	WARN	Loading extension 'screenshots@mozilla.org': Reading manifest: Invalid extension permission: mozillaAddons
1569272165335	addons.webextension.screenshots@mozilla.org	WARN	Loading extension 'screenshots@mozilla.org': Reading manifest: Invalid extension permission: telemetry
1569272165335	addons.webextension.screenshots@mozilla.org	WARN	Loading extension 'screenshots@mozilla.org': Reading manifest: Invalid extension permission: resource://pdf.js/
1569272165335	addons.webextension.screenshots@mozilla.org	WARN	Loading extension 'screenshots@mozilla.org': Reading manifest: Invalid extension permission: about:reader*
1569272166972	Marionette	INFO	Listening on port 36463
1569272167065	Marionette	WARN	TLS certificate errors will be ignored for this session
[Parent 506, Gecko_IOThread] WARNING: pipe error (83): Conexão fechada pela outra ponta: file /build/firefox-gS7uvX/firefox-69.0+build2/ipc/chromium/src/chrome/common/ipc_channel_posix.cc, line 358
[Parent 32702, Gecko_IOThread] WARNING: pipe error (62): Conexão fechada pela outra ponta: file /build/firefox-gS7uvX/firefox-69.0+build2/ipc/chromium/src/chrome/common/ipc_channel_posix.cc, line 358
[Parent 32702, Gecko_IOThread] WARNING: pipe error (83): Conexão fechada pela outra ponta: file /build/firefox-gS7uvX/firefox-69.0+build2/ipc/chromium/src/chrome/common/ipc_channel_posix.cc, line 358
1569272179273	Marionette	INFO	Stopped listening on port 38839
1569272180360	Marionette	INFO	Stopped listening on port 36463
1569272180604	mozrunner::runner	INFO	Running command: "/usr/bin/firefox" "-marionette" "-foreground" "-no-remote" "-profile" "/tmp/rust_mozprofilenfAhnA"
1569272180961	addons.webextension.screenshots@mozilla.org	WARN	Loading extension 'screenshots@mozilla.org': Reading manifest: Invalid extension permission: mozillaAddons
1569272180961	addons.webextension.screenshots@mozilla.org	WARN	Loading extension 'screenshots@mozilla.org': Reading manifest: Invalid extension permission: telemetry
1569272180961	addons.webextension.screenshots@mozilla.org	WARN	Loading extension 'screenshots@mozilla.org': Reading manifest: Invalid extension permission: resource://pdf.js/
1569272180961	addons.webextension.screenshots@mozilla.org	WARN	Loading extension 'screenshots@mozilla.org': Reading manifest: Invalid extension permission: about:reader*
1569272182586	Marionette	INFO	Listening on port 44231
1569272182629	Marionette	WARN	TLS certificate errors will be ignored for this session
[Parent 821, Gecko_IOThread] WARNING: pipe error (83): Conexão fechada pela outra ponta: file /build/firefox-gS7uvX/firefox-69.0+build2/ipc/chromium/src/chrome/common/ipc_channel_posix.cc, line 358
1569272193086	Marionette	INFO	Stopped listening on port 44231
1569272193227	mozrunner::runner	INFO	Running command: "/usr/bin/firefox" "-marionette" "-foreground" "-no-remote" "-profile" "/tmp/rust_mozprofile1sEU7N"
1569272193543	addons.webextension.screenshots@mozilla.org	WARN	Loading extension 'screenshots@mozilla.org': Reading manifest: Invalid extension permission: mozillaAddons
1569272193543	addons.webextension.screenshots@mozilla.org	WARN	Loading extension 'screenshots@mozilla.org': Reading manifest: Invalid extension permission: telemetry
1569272193543	addons.webextension.screenshots@mozilla.org	WARN	Loading extension 'screenshots@mozilla.org': Reading manifest: Invalid extension permission: resource://pdf.js/
1569272193543	addons.webextension.screenshots@mozilla.org	WARN	Loading extension 'screenshots@mozilla.org': Reading manifest: Invalid extension permission: about:reader*
1569272194932	Marionette	INFO	Listening on port 33011
1569272195033	Marionette	WARN	TLS certificate errors will be ignored for this session
[Parent 1161, Gecko_IOThread] WARNING: pipe error (83): Conexão fechada pela outra ponta: file /build/firefox-gS7uvX/firefox-69.0+build2/ipc/chromium/src/chrome/common/ipc_channel_posix.cc, line 358
1569272213316	Marionette	INFO	Stopped listening on port 33011
1569272459828	mozrunner::runner	INFO	Running command: "/usr/bin/firefox" "-marionette" "-foreground" "-no-remote" "-profile" "/tmp/rust_mozprofileY6FXuG"
1569272460159	addons.webextension.screenshots@mozilla.org	WARN	Loading extension 'screenshots@mozilla.org': Reading manifest: Invalid extension permission: mozillaAddons
1569272460159	addons.webextension.screenshots@mozilla.org	WARN	Loading extension 'screenshots@mozilla.org': Reading manifest: Invalid extension permission: telemetry
1569272460159	addons.webextension.screenshots@mozilla.org	WARN	Loading extension 'screenshots@mozilla.org': Reading manifest: Invalid extension permission: resource://pdf.js/
1569272460159	addons.webextension.screenshots@mozilla.org	WARN	Loading extension 'screenshots@mozilla.org': Reading manifest: Invalid extension permission: about:reader*
1569272461554	Marionette	INFO	Listening on port 38899
1569272461636	Marionette	WARN	TLS certificate errors will be ignored for this session
Exiting due to channel error.
Exiting due to channel error.
Exiting due to channel error.
1569272662981	mozrunner::runner	INFO	Running command: "/usr/bin/firefox" "-marionette" "-foreground" "-no-remote" "-profile" "/tmp/rust_mozprofileGL7Ued"
1569272663277	addons.webextension.screenshots@mozilla.org	WARN	Loading extension 'screenshots@mozilla.org': Reading manifest: Invalid extension permission: mozillaAddons
1569272663278	addons.webextension.screenshots@mozilla.org	WARN	Loading extension 'screenshots@mozilla.org': Reading manifest: Invalid extension permission: telemetry
1569272663278	addons.webextension.screenshots@mozilla.org	WARN	Loading extension 'screenshots@mozilla.org': Reading manifest: Invalid extension permission: resource://pdf.js/
1569272663278	addons.webextension.screenshots@mozilla.org	WARN	Loading extension 'screenshots@mozilla.org': Reading manifest: Invalid extension permission: about:reader*
1569272664715	Marionette	INFO	Listening on port 43165
1569272664795	Marionette	WARN	TLS certificate errors will be ignored for this session
[Parent 2088, Gecko_IOThread] WARNING: pipe error (83): Conexão fechada pela outra ponta: file /build/firefox-gS7uvX/firefox-69.0+build2/ipc/chromium/src/chrome/common/ipc_channel_posix.cc, line 358
1569272683421	Marionette	INFO	Stopped listening on port 43165
1569272771795	mozrunner::runner	INFO	Running command: "/usr/bin/firefox" "-marionette" "-foreground" "-no-remote" "-profile" "/tmp/rust_mozprofileMmME5K"
1569272772100	addons.webextension.screenshots@mozilla.org	WARN	Loading extension 'screenshots@mozilla.org': Reading manifest: Invalid extension permission: mozillaAddons
1569272772100	addons.webextension.screenshots@mozilla.org	WARN	Loading extension 'screenshots@mozilla.org': Reading manifest: Invalid extension permission: telemetry
1569272772101	addons.webextension.screenshots@mozilla.org	WARN	Loading extension 'screenshots@mozilla.org': Reading manifest: Invalid extension permission: resource://pdf.js/
1569272772101	addons.webextension.screenshots@mozilla.org	WARN	Loading extension 'screenshots@mozilla.org': Reading manifest: Invalid extension permission: about:reader*
1569272773573	Marionette	INFO	Listening on port 39023
1569272773606	Marionette	WARN	TLS certificate errors will be ignored for this session
[Parent 2433, Gecko_IOThread] WARNING: pipe error (83): Conexão fechada pela outra ponta: file /build/firefox-gS7uvX/firefox-69.0+build2/ipc/chromium/src/chrome/common/ipc_channel_posix.cc, line 358
1569273033612	Marionette	INFO	Stopped listening on port 39023
1569273646589	mozrunner::runner	INFO	Running command: "/usr/bin/firefox" "-marionette" "-foreground" "-no-remote" "-profile" "/tmp/rust_mozprofile5CLIXV"
1569273646886	addons.webextension.screenshots@mozilla.org	WARN	Loading extension 'screenshots@mozilla.org': Reading manifest: Invalid extension permission: mozillaAddons
1569273646886	addons.webextension.screenshots@mozilla.org	WARN	Loading extension 'screenshots@mozilla.org': Reading manifest: Invalid extension permission: telemetry
1569273646886	addons.webextension.screenshots@mozilla.org	WARN	Loading extension 'screenshots@mozilla.org': Reading manifest: Invalid extension permission: resource://pdf.js/
1569273646886	addons.webextension.screenshots@mozilla.org	WARN	Loading extension 'screenshots@mozilla.org': Reading manifest: Invalid extension permission: about:reader*
1569273648502	Marionette	INFO	Listening on port 38495
1569273648601	Marionette	WARN	TLS certificate errors will be ignored for this session
[Parent 3056, Gecko_IOThread] WARNING: pipe error (83): Conexão fechada pela outra ponta: file /build/firefox-gS7uvX/firefox-69.0+build2/ipc/chromium/src/chrome/common/ipc_channel_posix.cc, line 358
1569273669398	Marionette	INFO	Stopped listening on port 38495
1569273854560	mozrunner::runner	INFO	Running command: "/usr/bin/firefox" "-marionette" "-foreground" "-no-remote" "-profile" "/tmp/rust_mozprofileVn2DL9"
1569273854871	addons.webextension.screenshots@mozilla.org	WARN	Loading extension 'screenshots@mozilla.org': Reading manifest: Invalid extension permission: mozillaAddons
1569273854871	addons.webextension.screenshots@mozilla.org	WARN	Loading extension 'screenshots@mozilla.org': Reading manifest: Invalid extension permission: telemetry
1569273854871	addons.webextension.screenshots@mozilla.org	WARN	Loading extension 'screenshots@mozilla.org': Reading manifest: Invalid extension permission: resource://pdf.js/
1569273854871	addons.webextension.screenshots@mozilla.org	WARN	Loading extension 'screenshots@mozilla.org': Reading manifest: Invalid extension permission: about:reader*
1569273856556	Marionette	INFO	Listening on port 40635
1569273856570	Marionette	WARN	TLS certificate errors will be ignored for this session
[Parent 3402, Gecko_IOThread] WARNING: pipe error (83): Conexão fechada pela outra ponta: file /build/firefox-gS7uvX/firefox-69.0+build2/ipc/chromium/src/chrome/common/ipc_channel_posix.cc, line 358
1569273875073	Marionette	INFO	Stopped listening on port 40635
1569273935963	mozrunner::runner	INFO	Running command: "/usr/bin/firefox" "-marionette" "-foreground" "-no-remote" "-profile" "/tmp/rust_mozprofileQ2ocg5"
1569273936258	addons.webextension.screenshots@mozilla.org	WARN	Loading extension 'screenshots@mozilla.org': Reading manifest: Invalid extension permission: mozillaAddons
1569273936258	addons.webextension.screenshots@mozilla.org	WARN	Loading extension 'screenshots@mozilla.org': Reading manifest: Invalid extension permission: telemetry
1569273936258	addons.webextension.screenshots@mozilla.org	WARN	Loading extension 'screenshots@mozilla.org': Reading manifest: Invalid extension permission: resource://pdf.js/
1569273936258	addons.webextension.screenshots@mozilla.org	WARN	Loading extension 'screenshots@mozilla.org': Reading manifest: Invalid extension permission: about:reader*
1569273937842	Marionette	INFO	Listening on port 34413
1569273937882	Marionette	WARN	TLS certificate errors will be ignored for this session
[GFX1-]: Receive IPC close with reason=AbnormalShutdown
[Child 4077, Chrome_ChildThread] WARNING: pipe error (3): Conexão fechada pela outra ponta: file /build/firefox-gS7uvX/firefox-69.0+build2/ipc/chromium/src/chrome/common/ipc_channel_posix.cc, line 358
Exiting due to channel error.
Exiting due to channel error.
[GFX1-]: Receive IPC close with reason=AbnormalShutdown
[Child 3827, Chrome_ChildThread] WARNING: pipe error (3): Conexão fechada pela outra ponta: file /build/firefox-gS7uvX/firefox-69.0+build2/ipc/chromium/src/chrome/common/ipc_channel_posix.cc, line 358
Exiting due to channel error.
1569274055717	mozrunner::runner	INFO	Running command: "/usr/bin/firefox" "-marionette" "-foreground" "-no-remote" "-profile" "/tmp/rust_mozprofilentm9Dr"
1569274056022	addons.webextension.screenshots@mozilla.org	WARN	Loading extension 'screenshots@mozilla.org': Reading manifest: Invalid extension permission: mozillaAddons
1569274056022	addons.webextension.screenshots@mozilla.org	WARN	Loading extension 'screenshots@mozilla.org': Reading manifest: Invalid extension permission: telemetry
1569274056022	addons.webextension.screenshots@mozilla.org	WARN	Loading extension 'screenshots@mozilla.org': Reading manifest: Invalid extension permission: resource://pdf.js/
1569274056022	addons.webextension.screenshots@mozilla.org	WARN	Loading extension 'screenshots@mozilla.org': Reading manifest: Invalid extension permission: about:reader*
1569274057487	Marionette	INFO	Listening on port 37135
1569274057538	Marionette	WARN	TLS certificate errors will be ignored for this session
JavaScript error: https://googleads.g.doubleclick.net/pagead/ads?client=ca-pub-9891172707995683&output=html&h=90&twa=1&slotname=6193676054&adk=1460502994&adf=3297436742&w=808&fwrn=4&fwrnh=100&lmt=1569274059&guci=2.2.0.0.2.2.0.0&format=808x90&url=https%3A%2F%2Fwww.carrosnaweb.com.br%2Favancada.asp&flash=0&fwr=0&rh=90&rw=808&wgl=1&dt=1569274058952&bpp=14&bdt=747&fdt=421&idt=422&shv=r20190918&cbv=r20190131&saldr=aa&abxe=1&correlator=2774746964624&frm=20&pv=2&ga_vid=225042177.1569274059&ga_sid=1569274059&ga_hid=710958196&ga_fc=0&icsg=141995&dssz=17&mdo=0&mso=0&u_tz=-180&u_his=1&u_java=0&u_h=1080&u_w=1920&u_ah=1053&u_aw=1920&u_cd=24&u_nplug=0&u_nmime=0&adx=221&ady=149&biw=948&bih=939&scr_x=0&scr_y=0&eid=151527007%2C229739146%2C229739148&oid=3&rx=0&eae=0&fc=912&brdim=960%2C27%2C960%2C27%2C1920%2C27%2C960%2C1025%2C960%2C951&vis=1&rsz=d%7Cd%7CeE%7C&abl=NS&pfx=0&fu=1040&bc=29&ifi=1&uci=a!1&xpc=ukhNbrftN6&p=https%3A//www.carrosnaweb.com.br&dtd=452, line 1: ReferenceError: buildAdSlot is not defined
JavaScript error: https://googleads.g.doubleclick.net/pagead/ads?client=ca-pub-9891172707995683&output=html&h=90&twa=1&slotname=6193676054&adk=1460502994&adf=3297436742&w=808&fwrn=4&fwrnh=100&lmt=1569274059&guci=2.2.0.0.2.2.0.0&format=808x90&url=https%3A%2F%2Fwww.carrosnaweb.com.br%2Favancada.asp&flash=0&fwr=0&rh=90&rw=808&wgl=1&dt=1569274058952&bpp=14&bdt=747&fdt=421&idt=422&shv=r20190918&cbv=r20190131&saldr=aa&abxe=1&correlator=2774746964624&frm=20&pv=2&ga_vid=225042177.1569274059&ga_sid=1569274059&ga_hid=710958196&ga_fc=0&icsg=141995&dssz=17&mdo=0&mso=0&u_tz=-180&u_his=1&u_java=0&u_h=1080&u_w=1920&u_ah=1053&u_aw=1920&u_cd=24&u_nplug=0&u_nmime=0&adx=221&ady=149&biw=948&bih=939&scr_x=0&scr_y=0&eid=151527007%2C229739146%2C229739148&oid=3&rx=0&eae=0&fc=912&brdim=960%2C27%2C960%2C27%2C1920%2C27%2C960%2C1025%2C960%2C951&vis=1&rsz=d%7Cd%7CeE%7C&abl=NS&pfx=0&fu=1040&bc=29&ifi=1&uci=a!1&xpc=ukhNbrftN6&p=https%3A//www.carrosnaweb.com.br&dtd=452, line 1: TypeError: _.z is not a function
JavaScript error: https://googleads.g.doubleclick.net/pagead/ads?client=ca-pub-9891172707995683&output=html&h=90&twa=1&slotname=6193676054&adk=1460502994&adf=3297436742&w=808&fwrn=4&fwrnh=100&lmt=1569274059&guci=2.2.0.0.2.2.0.0&format=808x90&url=https%3A%2F%2Fwww.carrosnaweb.com.br%2Favancada.asp&flash=0&fwr=0&rh=90&rw=808&wgl=1&dt=1569274058952&bpp=14&bdt=747&fdt=421&idt=422&shv=r20190918&cbv=r20190131&saldr=aa&abxe=1&correlator=2774746964624&frm=20&pv=2&ga_vid=225042177.1569274059&ga_sid=1569274059&ga_hid=710958196&ga_fc=0&icsg=141995&dssz=17&mdo=0&mso=0&u_tz=-180&u_his=1&u_java=0&u_h=1080&u_w=1920&u_ah=1053&u_aw=1920&u_cd=24&u_nplug=0&u_nmime=0&adx=221&ady=149&biw=948&bih=939&scr_x=0&scr_y=0&eid=151527007%2C229739146%2C229739148&oid=3&rx=0&eae=0&fc=912&brdim=960%2C27%2C960%2C27%2C1920%2C27%2C960%2C1025%2C960%2C951&vis=1&rsz=d%7Cd%7CeE%7C&abl=NS&pfx=0&fu=1040&bc=29&ifi=1&uci=a!1&xpc=ukhNbrftN6&p=https%3A//www.carrosnaweb.com.br&dtd=452, line 1: ReferenceError: init_icr is not defined
JavaScript error: https://googleads.g.doubleclick.net/pagead/ads?client=ca-pub-9891172707995683&output=html&h=90&twa=1&slotname=6193676054&adk=1460502994&adf=3297436742&w=808&fwrn=4&fwrnh=100&lmt=1569274059&guci=2.2.0.0.2.2.0.0&format=808x90&url=https%3A%2F%2Fwww.carrosnaweb.com.br%2Favancada.asp&flash=0&fwr=0&rh=90&rw=808&wgl=1&dt=1569274058952&bpp=14&bdt=747&fdt=421&idt=422&shv=r20190918&cbv=r20190131&saldr=aa&abxe=1&correlator=2774746964624&frm=20&pv=2&ga_vid=225042177.1569274059&ga_sid=1569274059&ga_hid=710958196&ga_fc=0&icsg=141995&dssz=17&mdo=0&mso=0&u_tz=-180&u_his=1&u_java=0&u_h=1080&u_w=1920&u_ah=1053&u_aw=1920&u_cd=24&u_nplug=0&u_nmime=0&adx=221&ady=149&biw=948&bih=939&scr_x=0&scr_y=0&eid=151527007%2C229739146%2C229739148&oid=3&rx=0&eae=0&fc=912&brdim=960%2C27%2C960%2C27%2C1920%2C27%2C960%2C1025%2C960%2C951&vis=1&rsz=d%7Cd%7CeE%7C&abl=NS&pfx=0&fu=1040&bc=29&ifi=1&uci=a!1&xpc=ukhNbrftN6&p=https%3A//www.carrosnaweb.com.br&dtd=452, line 1: TypeError: _.u is not a function
JavaScript error: https://googleads.g.doubleclick.net/pagead/ads?client=ca-pub-9891172707995683&output=html&h=90&twa=1&slotname=6193676054&adk=1460502994&adf=3297436742&w=808&fwrn=4&fwrnh=100&lmt=1569274059&guci=2.2.0.0.2.2.0.0&format=808x90&url=https%3A%2F%2Fwww.carrosnaweb.com.br%2Favancada.asp&flash=0&fwr=0&rh=90&rw=808&wgl=1&dt=1569274058952&bpp=14&bdt=747&fdt=421&idt=422&shv=r20190918&cbv=r20190131&saldr=aa&abxe=1&correlator=2774746964624&frm=20&pv=2&ga_vid=225042177.1569274059&ga_sid=1569274059&ga_hid=710958196&ga_fc=0&icsg=141995&dssz=17&mdo=0&mso=0&u_tz=-180&u_his=1&u_java=0&u_h=1080&u_w=1920&u_ah=1053&u_aw=1920&u_cd=24&u_nplug=0&u_nmime=0&adx=221&ady=149&biw=948&bih=939&scr_x=0&scr_y=0&eid=151527007%2C229739146%2C229739148&oid=3&rx=0&eae=0&fc=912&brdim=960%2C27%2C960%2C27%2C1920%2C27%2C960%2C1025%2C960%2C951&vis=1&rsz=d%7Cd%7CeE%7C&abl=NS&pfx=0&fu=1040&bc=29&ifi=1&uci=a!1&xpc=ukhNbrftN6&p=https%3A//www.carrosnaweb.com.br&dtd=452, line 1: ReferenceError: buildTextAd is not defined
JavaScript error: https://googleads.g.doubleclick.net/pagead/ads?client=ca-pub-9891172707995683&output=html&h=90&twa=1&slotname=6193676054&adk=1460502994&adf=3297436742&w=808&fwrn=4&fwrnh=100&lmt=1569274059&guci=2.2.0.0.2.2.0.0&format=808x90&url=https%3A%2F%2Fwww.carrosnaweb.com.br%2Favancada.asp&flash=0&fwr=0&rh=90&rw=808&wgl=1&dt=1569274058952&bpp=14&bdt=747&fdt=421&idt=422&shv=r20190918&cbv=r20190131&saldr=aa&abxe=1&correlator=2774746964624&frm=20&pv=2&ga_vid=225042177.1569274059&ga_sid=1569274059&ga_hid=710958196&ga_fc=0&icsg=141995&dssz=17&mdo=0&mso=0&u_tz=-180&u_his=1&u_java=0&u_h=1080&u_w=1920&u_ah=1053&u_aw=1920&u_cd=24&u_nplug=0&u_nmime=0&adx=221&ady=149&biw=948&bih=939&scr_x=0&scr_y=0&eid=151527007%2C229739146%2C229739148&oid=3&rx=0&eae=0&fc=912&brdim=960%2C27%2C960%2C27%2C1920%2C27%2C960%2C1025%2C960%2C951&vis=1&rsz=d%7Cd%7CeE%7C&abl=NS&pfx=0&fu=1040&bc=29&ifi=1&uci=a!1&xpc=ukhNbrftN6&p=https%3A//www.carrosnaweb.com.br&dtd=452, line 1: ReferenceError: buildAttribution is not defined
JavaScript error: https://googleads.g.doubleclick.net/pagead/ads?client=ca-pub-9891172707995683&output=html&h=90&twa=1&slotname=6193676054&adk=1460502994&adf=3297436742&w=808&fwrn=4&fwrnh=100&lmt=1569274059&guci=2.2.0.0.2.2.0.0&format=808x90&url=https%3A%2F%2Fwww.carrosnaweb.com.br%2Favancada.asp&flash=0&fwr=0&rh=90&rw=808&wgl=1&dt=1569274058952&bpp=14&bdt=747&fdt=421&idt=422&shv=r20190918&cbv=r20190131&saldr=aa&abxe=1&correlator=2774746964624&frm=20&pv=2&ga_vid=225042177.1569274059&ga_sid=1569274059&ga_hid=710958196&ga_fc=0&icsg=141995&dssz=17&mdo=0&mso=0&u_tz=-180&u_his=1&u_java=0&u_h=1080&u_w=1920&u_ah=1053&u_aw=1920&u_cd=24&u_nplug=0&u_nmime=0&adx=221&ady=149&biw=948&bih=939&scr_x=0&scr_y=0&eid=151527007%2C229739146%2C229739148&oid=3&rx=0&eae=0&fc=912&brdim=960%2C27%2C960%2C27%2C1920%2C27%2C960%2C1025%2C960%2C951&vis=1&rsz=d%7Cd%7CeE%7C&abl=NS&pfx=0&fu=1040&bc=29&ifi=1&uci=a!1&xpc=ukhNbrftN6&p=https%3A//www.carrosnaweb.com.br&dtd=452, line 1: ReferenceError: osdlfm is not defined
JavaScript error: https://googleads.g.doubleclick.net/pagead/ads?client=ca-pub-9891172707995683&output=html&h=90&twa=1&slotname=6193676054&adk=1460502994&adf=3297436742&w=808&fwrn=4&fwrnh=100&lmt=1569274059&guci=2.2.0.0.2.2.0.0&format=808x90&url=https%3A%2F%2Fwww.carrosnaweb.com.br%2Favancada.asp&flash=0&fwr=0&rh=90&rw=808&wgl=1&dt=1569274058952&bpp=14&bdt=747&fdt=421&idt=422&shv=r20190918&cbv=r20190131&saldr=aa&abxe=1&correlator=2774746964624&frm=20&pv=2&ga_vid=225042177.1569274059&ga_sid=1569274059&ga_hid=710958196&ga_fc=0&icsg=141995&dssz=17&mdo=0&mso=0&u_tz=-180&u_his=1&u_java=0&u_h=1080&u_w=1920&u_ah=1053&u_aw=1920&u_cd=24&u_nplug=0&u_nmime=0&adx=221&ady=149&biw=948&bih=939&scr_x=0&scr_y=0&eid=151527007%2C229739146%2C229739148&oid=3&rx=0&eae=0&fc=912&brdim=960%2C27%2C960%2C27%2C1920%2C27%2C960%2C1025%2C960%2C951&vis=1&rsz=d%7Cd%7CeE%7C&abl=NS&pfx=0&fu=1040&bc=29&ifi=1&uci=a!1&xpc=ukhNbrftN6&p=https%3A//www.carrosnaweb.com.br&dtd=452, line 1: ReferenceError: googqscp is not defined
JavaScript error: https://googleads.g.doubleclick.net/pagead/ads?client=ca-pub-9891172707995683&output=html&h=90&twa=1&slotname=6193676054&adk=1460502994&adf=3297436742&w=808&fwrn=4&fwrnh=100&lmt=1569274059&guci=2.2.0.0.2.2.0.0&format=808x90&url=https%3A%2F%2Fwww.carrosnaweb.com.br%2Favancada.asp&flash=0&fwr=0&rh=90&rw=808&wgl=1&dt=1569274058952&bpp=14&bdt=747&fdt=421&idt=422&shv=r20190918&cbv=r20190131&saldr=aa&abxe=1&correlator=2774746964624&frm=20&pv=2&ga_vid=225042177.1569274059&ga_sid=1569274059&ga_hid=710958196&ga_fc=0&icsg=141995&dssz=17&mdo=0&mso=0&u_tz=-180&u_his=1&u_java=0&u_h=1080&u_w=1920&u_ah=1053&u_aw=1920&u_cd=24&u_nplug=0&u_nmime=0&adx=221&ady=149&biw=948&bih=939&scr_x=0&scr_y=0&eid=151527007%2C229739146%2C229739148&oid=3&rx=0&eae=0&fc=912&brdim=960%2C27%2C960%2C27%2C1920%2C27%2C960%2C1025%2C960%2C951&vis=1&rsz=d%7Cd%7CeE%7C&abl=NS&pfx=0&fu=1040&bc=29&ifi=1&uci=a!1&xpc=ukhNbrftN6&p=https%3A//www.carrosnaweb.com.br&dtd=452, line 1: ReferenceError: adSlot is not defined
[Parent 4196, Gecko_IOThread] WARNING: pipe error (83): Conexão fechada pela outra ponta: file /build/firefox-gS7uvX/firefox-69.0+build2/ipc/chromium/src/chrome/common/ipc_channel_posix.cc, line 358
1569274084419	Marionette	INFO	Stopped listening on port 37135
1569274109284	mozrunner::runner	INFO	Running command: "/usr/bin/firefox" "-marionette" "-foreground" "-no-remote" "-profile" "/tmp/rust_mozprofileCfdDmp"
1569274109574	addons.webextension.screenshots@mozilla.org	WARN	Loading extension 'screenshots@mozilla.org': Reading manifest: Invalid extension permission: mozillaAddons
1569274109574	addons.webextension.screenshots@mozilla.org	WARN	Loading extension 'screenshots@mozilla.org': Reading manifest: Invalid extension permission: telemetry
1569274109574	addons.webextension.screenshots@mozilla.org	WARN	Loading extension 'screenshots@mozilla.org': Reading manifest: Invalid extension permission: resource://pdf.js/
1569274109574	addons.webextension.screenshots@mozilla.org	WARN	Loading extension 'screenshots@mozilla.org': Reading manifest: Invalid extension permission: about:reader*
1569274111018	Marionette	INFO	Listening on port 37529
1569274111089	Marionette	WARN	TLS certificate errors will be ignored for this session
[Parent 4504, Gecko_IOThread] WARNING: pipe error (83): Conexão fechada pela outra ponta: file /build/firefox-gS7uvX/firefox-69.0+build2/ipc/chromium/src/chrome/common/ipc_channel_posix.cc, line 358
1569274144307	Marionette	INFO	Stopped listening on port 37529
1569275762693	mozrunner::runner	INFO	Running command: "/usr/bin/firefox" "-marionette" "-foreground" "-no-remote" "-profile" "/tmp/rust_mozprofile4sjX9a"
1569275763001	addons.webextension.screenshots@mozilla.org	WARN	Loading extension 'screenshots@mozilla.org': Reading manifest: Invalid extension permission: mozillaAddons
1569275763001	addons.webextension.screenshots@mozilla.org	WARN	Loading extension 'screenshots@mozilla.org': Reading manifest: Invalid extension permission: telemetry
1569275763001	addons.webextension.screenshots@mozilla.org	WARN	Loading extension 'screenshots@mozilla.org': Reading manifest: Invalid extension permission: resource://pdf.js/
1569275763001	addons.webextension.screenshots@mozilla.org	WARN	Loading extension 'screenshots@mozilla.org': Reading manifest: Invalid extension permission: about:reader*
1569275764380	Marionette	INFO	Listening on port 34073
1569275764409	Marionette	WARN	TLS certificate errors will be ignored for this session
[Parent 5790, Gecko_IOThread] WARNING: pipe error (83): Conexão fechada pela outra ponta: file /build/firefox-gS7uvX/firefox-69.0+build2/ipc/chromium/src/chrome/common/ipc_channel_posix.cc, line 358
1569275782298	Marionette	INFO	Stopped listening on port 34073
1569276804415	mozrunner::runner	INFO	Running command: "/usr/bin/firefox" "-marionette" "-foreground" "-no-remote" "-profile" "/tmp/rust_mozprofileClTPqw"
1569276804711	addons.webextension.screenshots@mozilla.org	WARN	Loading extension 'screenshots@mozilla.org': Reading manifest: Invalid extension permission: mozillaAddons
1569276804711	addons.webextension.screenshots@mozilla.org	WARN	Loading extension 'screenshots@mozilla.org': Reading manifest: Invalid extension permission: telemetry
1569276804711	addons.webextension.screenshots@mozilla.org	WARN	Loading extension 'screenshots@mozilla.org': Reading manifest: Invalid extension permission: resource://pdf.js/
1569276804711	addons.webextension.screenshots@mozilla.org	WARN	Loading extension 'screenshots@mozilla.org': Reading manifest: Invalid extension permission: about:reader*
1569276806195	Marionette	INFO	Listening on port 34621
1569276806231	Marionette	WARN	TLS certificate errors will be ignored for this session
[Parent 6796, Gecko_IOThread] WARNING: pipe error (83): Conexão fechada pela outra ponta: file /build/firefox-gS7uvX/firefox-69.0+build2/ipc/chromium/src/chrome/common/ipc_channel_posix.cc, line 358
1569276836731	Marionette	INFO	Stopped listening on port 34621
1569276925806	mozrunner::runner	INFO	Running command: "/usr/bin/firefox" "-marionette" "-foreground" "-no-remote" "-profile" "/tmp/rust_mozprofileclIIWy"
1569276926118	addons.webextension.screenshots@mozilla.org	WARN	Loading extension 'screenshots@mozilla.org': Reading manifest: Invalid extension permission: mozillaAddons
1569276926118	addons.webextension.screenshots@mozilla.org	WARN	Loading extension 'screenshots@mozilla.org': Reading manifest: Invalid extension permission: telemetry
1569276926118	addons.webextension.screenshots@mozilla.org	WARN	Loading extension 'screenshots@mozilla.org': Reading manifest: Invalid extension permission: resource://pdf.js/
1569276926118	addons.webextension.screenshots@mozilla.org	WARN	Loading extension 'screenshots@mozilla.org': Reading manifest: Invalid extension permission: about:reader*
1569276927746	Marionette	INFO	Listening on port 38785
1569276927814	Marionette	WARN	TLS certificate errors will be ignored for this session
[Parent 7107, Gecko_IOThread] WARNING: pipe error (83): Conexão fechada pela outra ponta: file /build/firefox-gS7uvX/firefox-69.0+build2/ipc/chromium/src/chrome/common/ipc_channel_posix.cc, line 358
1569276946747	Marionette	INFO	Stopped listening on port 38785
1569276978953	mozrunner::runner	INFO	Running command: "/usr/bin/firefox" "-marionette" "-foreground" "-no-remote" "-profile" "/tmp/rust_mozprofilemw0AMz"
1569276979256	addons.webextension.screenshots@mozilla.org	WARN	Loading extension 'screenshots@mozilla.org': Reading manifest: Invalid extension permission: mozillaAddons
1569276979256	addons.webextension.screenshots@mozilla.org	WARN	Loading extension 'screenshots@mozilla.org': Reading manifest: Invalid extension permission: telemetry
1569276979256	addons.webextension.screenshots@mozilla.org	WARN	Loading extension 'screenshots@mozilla.org': Reading manifest: Invalid extension permission: resource://pdf.js/
1569276979256	addons.webextension.screenshots@mozilla.org	WARN	Loading extension 'screenshots@mozilla.org': Reading manifest: Invalid extension permission: about:reader*
1569276980676	Marionette	INFO	Listening on port 43509
1569276980758	Marionette	WARN	TLS certificate errors will be ignored for this session
[Parent 7391, Gecko_IOThread] WARNING: pipe error (83): Conexão fechada pela outra ponta: file /build/firefox-gS7uvX/firefox-69.0+build2/ipc/chromium/src/chrome/common/ipc_channel_posix.cc, line 358
1569277003628	Marionette	INFO	Stopped listening on port 43509
1569277067602	mozrunner::runner	INFO	Running command: "/usr/bin/firefox" "-marionette" "-foreground" "-no-remote" "-profile" "/tmp/rust_mozprofileHBhvvv"
1569277067900	addons.webextension.screenshots@mozilla.org	WARN	Loading extension 'screenshots@mozilla.org': Reading manifest: Invalid extension permission: mozillaAddons
1569277067900	addons.webextension.screenshots@mozilla.org	WARN	Loading extension 'screenshots@mozilla.org': Reading manifest: Invalid extension permission: telemetry
1569277067900	addons.webextension.screenshots@mozilla.org	WARN	Loading extension 'screenshots@mozilla.org': Reading manifest: Invalid extension permission: resource://pdf.js/
1569277067900	addons.webextension.screenshots@mozilla.org	WARN	Loading extension 'screenshots@mozilla.org': Reading manifest: Invalid extension permission: about:reader*
1569277069314	Marionette	INFO	Listening on port 34807
1569277069407	Marionette	WARN	TLS certificate errors will be ignored for this session
[Parent 7697, Gecko_IOThread] WARNING: pipe error (83): Conexão fechada pela outra ponta: file /build/firefox-gS7uvX/firefox-69.0+build2/ipc/chromium/src/chrome/common/ipc_channel_posix.cc, line 358
1569277086483	Marionette	INFO	Stopped listening on port 34807
1569277167280	mozrunner::runner	INFO	Running command: "/usr/bin/firefox" "-marionette" "-foreground" "-no-remote" "-profile" "/tmp/rust_mozprofilesGrqwZ"
1569277167584	addons.webextension.screenshots@mozilla.org	WARN	Loading extension 'screenshots@mozilla.org': Reading manifest: Invalid extension permission: mozillaAddons
1569277167584	addons.webextension.screenshots@mozilla.org	WARN	Loading extension 'screenshots@mozilla.org': Reading manifest: Invalid extension permission: telemetry
1569277167584	addons.webextension.screenshots@mozilla.org	WARN	Loading extension 'screenshots@mozilla.org': Reading manifest: Invalid extension permission: resource://pdf.js/
1569277167584	addons.webextension.screenshots@mozilla.org	WARN	Loading extension 'screenshots@mozilla.org': Reading manifest: Invalid extension permission: about:reader*
1569277169023	Marionette	INFO	Listening on port 33429
1569277169089	Marionette	WARN	TLS certificate errors will be ignored for this session
[Parent 8001, Gecko_IOThread] WARNING: pipe error (83): Conexão fechada pela outra ponta: file /build/firefox-gS7uvX/firefox-69.0+build2/ipc/chromium/src/chrome/common/ipc_channel_posix.cc, line 358
1569277184824	Marionette	INFO	Stopped listening on port 33429
1569277213347	mozrunner::runner	INFO	Running command: "/usr/bin/firefox" "-marionette" "-foreground" "-no-remote" "-profile" "/tmp/rust_mozprofiler5FLv9"
1569277213639	addons.webextension.screenshots@mozilla.org	WARN	Loading extension 'screenshots@mozilla.org': Reading manifest: Invalid extension permission: mozillaAddons
1569277213639	addons.webextension.screenshots@mozilla.org	WARN	Loading extension 'screenshots@mozilla.org': Reading manifest: Invalid extension permission: telemetry
1569277213639	addons.webextension.screenshots@mozilla.org	WARN	Loading extension 'screenshots@mozilla.org': Reading manifest: Invalid extension permission: resource://pdf.js/
1569277213640	addons.webextension.screenshots@mozilla.org	WARN	Loading extension 'screenshots@mozilla.org': Reading manifest: Invalid extension permission: about:reader*
1569277215167	Marionette	INFO	Listening on port 37977
1569277215255	Marionette	WARN	TLS certificate errors will be ignored for this session
[Parent 8295, Gecko_IOThread] WARNING: pipe error (83): Conexão fechada pela outra ponta: file /build/firefox-gS7uvX/firefox-69.0+build2/ipc/chromium/src/chrome/common/ipc_channel_posix.cc, line 358
1569277232130	Marionette	INFO	Stopped listening on port 37977
